Feb 24, 2023 12:54:15 PM Implementation.ImplementationOperations listMovieShowsAvailability
INFO: List of movie shows has been shown.
Feb 24, 2023 12:57:46 PM Implementation.ImplementationOperations listMovieShowsAvailability
INFO: List of movie shows has been shown.
Feb 24, 2023 1:10:40 PM Implementation.ImplementationOperations listMovieShowsAvailability
INFO: List of movie shows has been shown.
Feb 24, 2023 1:22:28 PM Implementation.ImplementationOperations listMovieShowsAvailability
INFO: List of movie shows has been shown.
Feb 24, 2023 1:24:34 PM Implementation.ImplementationOperations listMovieShowsAvailability
INFO: List of movie shows has been shown.
Feb 24, 2023 1:27:08 PM Implementation.ImplementationOperations listMovieShowsAvailability
INFO: List of movie shows has been shown.
Feb 24, 2023 1:27:40 PM Implementation.ImplementationOperations listMovieShowsAvailability
INFO: List of movie shows has been shown.
Feb 24, 2023 1:28:09 PM Implementation.ImplementationOperations listMovieShowsAvailability
INFO: List of movie shows has been shown.
Feb 24, 2023 1:28:32 PM Implementation.ImplementationOperations listMovieShowsAvailability
INFO: List of movie shows has been shown.
Feb 24, 2023 1:36:55 PM Implementation.ImplementationOperations listMovieShowsAvailability
INFO: List of movie shows has been shown.
Feb 24, 2023 1:37:10 PM Implementation.ImplementationOperations listMovieShowsAvailability
INFO: List of movie shows has been shown.
Feb 24, 2023 1:41:41 PM Implementation.ImplementationOperations listMovieShowsAvailability
INFO: List of movie shows has been shown.
Feb 24, 2023 1:42:14 PM Implementation.ImplementationOperations listMovieShowsAvailability
INFO: List of movie shows has been shown.
Feb 24, 2023 1:42:24 PM Implementation.ImplementationOperations listMovieShowsAvailability
INFO: List of movie shows has been shown.
Feb 24, 2023 1:42:29 PM Server.Servers serve_listener
INFO: Message from the server ATW in booking_schedule at the port 8001
Feb 24, 2023 1:42:38 PM Implementation.ImplementationOperations listMovieShowsAvailability
INFO: List of movie shows has been shown.
Feb 24, 2023 1:42:54 PM Implementation.ImplementationOperations listMovieShowsAvailability
INFO: List of movie shows has been shown.
Feb 24, 2023 1:42:59 PM Server.Servers serve_listener
INFO: Message from the server ATW in booking_schedule at the port 8001
Feb 24, 2023 1:43:06 PM Implementation.ImplementationOperations listMovieShowsAvailability
INFO: List of movie shows has been shown.
Feb 24, 2023 1:43:08 PM Server.Servers serve_listener
INFO: Message from the server ATW in booking_schedule at the port 8001
Feb 24, 2023 1:43:13 PM Implementation.ImplementationOperations listMovieShowsAvailability
INFO: List of movie shows has been shown.
Feb 24, 2023 1:43:18 PM Server.Servers serve_listener
INFO: Message from the server ATW in booking_schedule at the port 8001
Feb 24, 2023 1:44:14 PM Implementation.ImplementationOperations listMovieShowsAvailability
INFO: List of movie shows has been shown.
Feb 24, 2023 1:47:40 PM Implementation.ImplementationOperations listMovieShowsAvailability
INFO: List of movie shows has been shown.
Feb 24, 2023 1:47:53 PM Implementation.ImplementationOperations listMovieShowsAvailability
INFO: List of movie shows has been shown.
Feb 24, 2023 1:47:57 PM Server.Servers serve_listener
INFO: Message from the server ATW in booking_schedule at the port 8001
Feb 24, 2023 1:50:07 PM Implementation.ImplementationOperations listMovieShowsAvailability
INFO: List of movie shows has been shown.
Feb 24, 2023 1:51:32 PM Implementation.ImplementationOperations listMovieShowsAvailability
INFO: List of movie shows has been shown.
Feb 24, 2023 1:51:39 PM Implementation.ImplementationOperations listMovieShowsAvailability
INFO: List of movie shows has been shown.
Feb 24, 2023 1:51:41 PM Server.Servers serve_listener
INFO: Message from the server ATW in booking_schedule at the port 8001
Feb 24, 2023 1:51:52 PM Implementation.ImplementationOperations listMovieShowsAvailability
INFO: List of movie shows has been shown.
Feb 24, 2023 1:52:22 PM Implementation.ImplementationOperations listMovieShowsAvailability
INFO: List of movie shows has been shown.
Feb 27, 2023 3:06:06 PM Implementation.ImplementationOperations listMovieShowsAvailability
INFO: List of movie shows has been shown.
Feb 28, 2023 3:17:32 PM Implementation.ImplementationOperations listMovieShowsAvailability
INFO: List of movie shows has been shown.
Feb 28, 2023 3:29:21 PM Implementation.ImplementationOperations listMovieShowsAvailability
INFO: List of movie shows has been shown.
Feb 28, 2023 3:34:27 PM Implementation.ImplementationOperations listMovieShowsAvailability
INFO: List of movie shows has been shown.
Feb 28, 2023 3:36:03 PM Implementation.ImplementationOperations listMovieShowsAvailability
INFO: List of movie shows has been shown.
Feb 28, 2023 3:36:33 PM Implementation.ImplementationOperations listMovieShowsAvailability
INFO: List of movie shows has been shown.
Feb 28, 2023 3:39:25 PM Server.Servers serve_listener
INFO: Message from the server ATW in booking_schedule at the port 8001
Feb 28, 2023 3:39:57 PM Server.Servers serve_listener
INFO: Message from the server ATW in list_movie at the port 8001
Feb 28, 2023 3:40:01 PM Server.Servers serve_listener
INFO: Message from the server ATW in booking_schedule at the port 8001
Feb 28, 2023 3:40:05 PM Server.Servers serve_listener
INFO: Message from the server ATW in booking_schedule at the port 8001
Feb 28, 2023 3:40:10 PM Server.Servers serve_listener
INFO: Message from the server ATW in booking_schedule at the port 8001
Feb 28, 2023 3:40:18 PM Server.Servers serve_listener
INFO: Message from the server ATW in list_movie at the port 8001
Feb 28, 2023 3:40:44 PM Server.Servers serve_listener
INFO: Message from the server ATW in booking_schedule at the port 8001
Feb 28, 2023 3:40:51 PM Server.Servers serve_listener
INFO: Message from the server ATW in list_movie at the port 8001
Feb 28, 2023 3:40:55 PM Server.Servers serve_listener
INFO: Message from the server ATW in booking_schedule at the port 8001
Feb 28, 2023 3:41:42 PM Server.Servers serve_listener
INFO: Message from the server ATW in list_movie at the port 8001
Feb 28, 2023 3:46:20 PM Server.Servers serve_listener
INFO: Message from the server ATW in booking_schedule at the port 8001
Feb 28, 2023 3:46:25 PM Server.Servers serve_listener
INFO: Message from the server ATW in list_movie at the port 8001
Feb 28, 2023 3:46:32 PM Server.Servers serve_listener
INFO: Message from the server ATW in booking_schedule at the port 8001
Feb 28, 2023 3:48:07 PM Server.Servers serve_listener
INFO: Message from the server ATW in booking_schedule at the port 8001
Feb 28, 2023 3:48:13 PM Server.Servers serve_listener
INFO: Message from the server ATW in list_movie at the port 8001
Feb 28, 2023 3:48:29 PM Server.Servers serve_listener
INFO: Message from the server ATW in list_movie at the port 8001
Feb 28, 2023 3:48:35 PM Server.Servers serve_listener
INFO: Message from the server ATW in booking_schedule at the port 8001
Feb 28, 2023 3:48:39 PM Server.Servers serve_listener
INFO: Message from the server ATW in booking_schedule at the port 8001
Feb 28, 2023 3:48:47 PM Server.Servers serve_listener
INFO: Message from the server ATW in list_movie at the port 8001
Feb 28, 2023 3:48:57 PM Server.Servers serve_listener
INFO: Message from the server ATW in booking_schedule at the port 8001
Feb 28, 2023 3:50:08 PM Server.Servers serve_listener
INFO: Message from the server ATW in booking_schedule at the port 8001
Feb 28, 2023 3:50:19 PM Server.Servers serve_listener
INFO: Message from the server ATW in list_movie at the port 8001
Feb 28, 2023 4:14:43 PM Server.Servers serve_listener
INFO: Message from the server ATW in booking_schedule at the port 8001
Feb 28, 2023 4:14:50 PM Server.Servers serve_listener
INFO: Message from the server ATW in list_movie at the port 8001
Feb 28, 2023 4:14:59 PM Server.Servers serve_listener
INFO: Message from the server ATW in booking_schedule at the port 8001
Feb 28, 2023 4:15:01 PM Server.Servers serve_listener
INFO: Message from the server ATW in booking_schedule at the port 8001
Feb 28, 2023 4:15:04 PM Server.Servers serve_listener
INFO: Message from the server ATW in booking_schedule at the port 8001
Feb 28, 2023 4:15:12 PM Server.Servers serve_listener
INFO: Message from the server ATW in list_movie at the port 8001
Feb 28, 2023 4:15:16 PM Server.Servers serve_listener
INFO: Message from the server ATW in booking_schedule at the port 8001
Feb 28, 2023 4:16:06 PM Server.Servers serve_listener
INFO: Message from the server ATW in booking_schedule at the port 8001
Feb 28, 2023 4:16:12 PM Server.Servers serve_listener
INFO: Message from the server ATW in list_movie at the port 8001
Feb 28, 2023 4:16:21 PM Server.Servers serve_listener
INFO: Message from the server ATW in booking_schedule at the port 8001
Feb 28, 2023 4:16:27 PM Server.Servers serve_listener
INFO: Message from the server ATW in list_movie at the port 8001
Feb 28, 2023 4:19:19 PM Server.Servers serve_listener
INFO: Message from the server ATW in booking_schedule at the port 8001
Feb 28, 2023 4:19:24 PM Server.Servers serve_listener
INFO: Message from the server ATW in list_movie at the port 8001
Feb 28, 2023 4:19:35 PM Server.Servers serve_listener
INFO: Message from the server ATW in booking_schedule at the port 8001
Feb 28, 2023 4:19:37 PM Server.Servers serve_listener
INFO: Message from the server ATW in booking_schedule at the port 8001
Feb 28, 2023 4:19:41 PM Server.Servers serve_listener
INFO: Message from the server ATW in booking_schedule at the port 8001
Feb 28, 2023 4:19:49 PM Server.Servers serve_listener
INFO: Message from the server ATW in list_movie at the port 8001
Feb 28, 2023 4:20:00 PM Server.Servers serve_listener
INFO: Message from the server ATW in booking_schedule at the port 8001
Feb 28, 2023 4:21:27 PM Server.Servers serve_listener
INFO: Message from the server ATW in booking_schedule at the port 8001
Feb 28, 2023 4:21:39 PM Server.Servers serve_listener
INFO: Message from the server ATW in booking_schedule at the port 8001
Feb 28, 2023 4:21:44 PM Server.Servers serve_listener
INFO: Message from the server ATW in booking_schedule at the port 8001
Feb 28, 2023 4:21:57 PM Server.Servers serve_listener
INFO: Message from the server ATW in booking_schedule at the port 8001
Feb 28, 2023 4:22:06 PM Server.Servers serve_listener
INFO: Message from the server ATW in list_movie at the port 8001
Feb 28, 2023 4:22:41 PM Server.Servers serve_listener
INFO: Message from the server ATW in booking_schedule at the port 8001
Feb 28, 2023 4:23:02 PM Server.Servers serve_listener
INFO: Message from the server ATW in booking_schedule at the port 8001
Feb 28, 2023 4:23:07 PM Server.Servers serve_listener
INFO: Message from the server ATW in list_movie at the port 8001
Feb 28, 2023 4:23:10 PM Server.Servers serve_listener
INFO: Message from the server ATW in booking_schedule at the port 8001
Feb 28, 2023 4:23:19 PM Server.Servers serve_listener
INFO: Message from the server ATW in list_movie at the port 8001
Feb 28, 2023 4:23:31 PM Server.Servers serve_listener
INFO: Message from the server ATW in booking_schedule at the port 8001
Feb 28, 2023 4:23:40 PM Server.Servers serve_listener
INFO: Message from the server ATW in list_movie at the port 8001
Feb 28, 2023 4:23:51 PM Server.Servers serve_listener
INFO: Message from the server ATW in booking_schedule at the port 8001
Feb 28, 2023 4:23:59 PM Server.Servers serve_listener
INFO: Message from the server ATW in booking_schedule at the port 8001
Feb 28, 2023 4:24:08 PM Server.Servers serve_listener
INFO: Message from the server ATW in list_movie at the port 8001
Feb 28, 2023 4:24:11 PM Server.Servers serve_listener
INFO: Message from the server ATW in booking_schedule at the port 8001
Feb 28, 2023 4:24:17 PM Server.Servers serve_listener
INFO: Message from the server ATW in list_movie at the port 8001
Feb 28, 2023 4:24:27 PM Server.Servers serve_listener
INFO: Message from the server ATW in list_movie at the port 8001
Feb 28, 2023 4:24:30 PM Server.Servers serve_listener
INFO: Message from the server ATW in booking_schedule at the port 8001
Feb 28, 2023 4:24:31 PM Server.Servers serve_listener
INFO: Message from the server ATW in booking_schedule at the port 8001
Feb 28, 2023 4:27:21 PM Server.Servers serve_listener
INFO: Message from the server ATW in booking_schedule at the port 8001
Feb 28, 2023 4:27:25 PM Server.Servers serve_listener
INFO: Message from the server ATW in list_movie at the port 8001
Feb 28, 2023 4:27:30 PM Server.Servers serve_listener
INFO: Message from the server ATW in booking_schedule at the port 8001
Feb 28, 2023 4:27:32 PM Server.Servers serve_listener
INFO: Message from the server ATW in booking_schedule at the port 8001
Feb 28, 2023 4:27:42 PM Server.Servers serve_listener
INFO: Message from the server ATW in booking_schedule at the port 8001
Feb 28, 2023 4:28:41 PM Server.Servers serve_listener
INFO: Message from the server ATW in booking_schedule at the port 8001
Feb 28, 2023 4:28:49 PM Server.Servers serve_listener
INFO: Message from the server ATW in list_movie at the port 8001
Feb 28, 2023 4:28:54 PM Server.Servers serve_listener
INFO: Message from the server ATW in booking_schedule at the port 8001
Feb 28, 2023 4:28:57 PM Server.Servers serve_listener
INFO: Message from the server ATW in booking_schedule at the port 8001
Feb 28, 2023 4:29:06 PM Server.Servers serve_listener
INFO: Message from the server ATW in booking_schedule at the port 8001
Feb 28, 2023 4:29:13 PM Server.Servers serve_listener
INFO: Message from the server ATW in list_movie at the port 8001
Feb 28, 2023 4:29:18 PM Server.Servers serve_listener
INFO: Message from the server ATW in booking_schedule at the port 8001
Feb 28, 2023 4:29:21 PM Server.Servers serve_listener
INFO: Message from the server ATW in booking_schedule at the port 8001
Feb 28, 2023 4:29:27 PM Server.Servers serve_listener
INFO: Message from the server ATW in list_movie at the port 8001
Feb 28, 2023 4:48:46 PM Implementation.ImplementationOperations listMovieShowsAvailability
INFO: List of movie shows has been shown.
Feb 28, 2023 4:52:36 PM Implementation.ImplementationOperations listMovieShowsAvailability
INFO: List of movie shows has been shown.
Feb 28, 2023 4:52:55 PM Implementation.ImplementationOperations listMovieShowsAvailability
INFO: List of movie shows has been shown.
Feb 28, 2023 4:53:09 PM Implementation.ImplementationOperations listMovieShowsAvailability
INFO: List of movie shows has been shown.
Feb 28, 2023 4:54:27 PM Implementation.ImplementationOperations listMovieShowsAvailability
INFO: List of movie shows has been shown.
Feb 28, 2023 5:01:23 PM Implementation.ImplementationOperations listMovieShowsAvailability
INFO: List of movie shows has been shown.
Feb 28, 2023 5:01:38 PM Implementation.ImplementationOperations listMovieShowsAvailability
INFO: List of movie shows has been shown.
Feb 28, 2023 5:10:42 PM Implementation.ImplementationOperations listMovieShowsAvailability
INFO: List of movie shows has been shown.
Feb 28, 2023 5:26:34 PM Implementation.ImplementationOperations listMovieShowsAvailability
INFO: List of movie shows has been shown.
Feb 28, 2023 5:26:43 PM Implementation.ImplementationOperations listMovieShowsAvailability
INFO: List of movie shows has been shown.
Feb 28, 2023 5:35:59 PM Implementation.ImplementationOperations listMovieShowsAvailability
INFO: List of movie shows has been shown.
Feb 28, 2023 5:36:11 PM Implementation.ImplementationOperations listMovieShowsAvailability
INFO: List of movie shows has been shown.
Feb 28, 2023 5:37:02 PM Implementation.ImplementationOperations listMovieShowsAvailability
INFO: List of movie shows has been shown.
Feb 28, 2023 5:37:18 PM Implementation.ImplementationOperations listMovieShowsAvailability
INFO: List of movie shows has been shown.
Feb 28, 2023 5:38:30 PM Implementation.ImplementationOperations listMovieShowsAvailability
INFO: List of movie shows has been shown.
Feb 28, 2023 5:38:40 PM Implementation.ImplementationOperations listMovieShowsAvailability
INFO: List of movie shows has been shown.
Feb 28, 2023 5:39:12 PM Implementation.ImplementationOperations listMovieShowsAvailability
INFO: List of movie shows has been shown.
Feb 28, 2023 5:39:39 PM Implementation.ImplementationOperations listMovieShowsAvailability
INFO: List of movie shows has been shown.
Feb 28, 2023 5:46:08 PM Implementation.ImplementationOperations listMovieShowsAvailability
INFO: List of movie shows has been shown.
Feb 28, 2023 5:46:17 PM Implementation.ImplementationOperations listMovieShowsAvailability
INFO: List of movie shows has been shown.
Feb 28, 2023 7:53:40 PM Implementation.ImplementationOperations listMovieShowsAvailability
INFO: List of movie shows has been shown.
Feb 28, 2023 7:53:50 PM Implementation.ImplementationOperations listMovieShowsAvailability
INFO: List of movie shows has been shown.
Feb 28, 2023 8:15:02 PM Implementation.ImplementationOperations listMovieShowsAvailability
INFO: List of movie shows has been shown.
Feb 28, 2023 8:22:22 PM Implementation.ImplementationOperations listMovieShowsAvailability
INFO: List of movie shows has been shown.
Feb 28, 2023 8:23:35 PM Implementation.ImplementationOperations listMovieShowsAvailability
INFO: List of movie shows has been shown.
Feb 28, 2023 8:31:29 PM Implementation.ImplementationOperations listMovieShowsAvailability
INFO: List of movie shows has been shown.
Feb 28, 2023 8:33:02 PM Implementation.ImplementationOperations listMovieShowsAvailability
INFO: List of movie shows has been shown.
Feb 28, 2023 8:39:06 PM Implementation.ImplementationOperations listMovieShowsAvailability
INFO: List of movie shows has been shown.
Feb 28, 2023 8:44:33 PM Implementation.ImplementationOperations listMovieShowsAvailability
INFO: List of movie shows has been shown.
Feb 28, 2023 8:50:39 PM Implementation.ImplementationOperations listMovieShowsAvailability
INFO: List of movie shows has been shown.
Feb 28, 2023 9:05:44 PM Implementation.ImplementationOperations listMovieShowsAvailability
INFO: List of movie shows has been shown.
Feb 28, 2023 9:11:44 PM Implementation.ImplementationOperations listMovieShowsAvailability
INFO: List of movie shows has been shown.
Feb 28, 2023 9:11:53 PM Implementation.ImplementationOperations listMovieShowsAvailability
INFO: List of movie shows has been shown.
Feb 28, 2023 9:12:00 PM Server.Servers serve_listener
INFO: Message from the server ATW in booking_schedule at the port 8001
Feb 28, 2023 9:12:20 PM Implementation.ImplementationOperations listMovieShowsAvailability
INFO: List of movie shows has been shown.
Feb 28, 2023 9:12:53 PM Implementation.ImplementationOperations listMovieShowsAvailability
INFO: List of movie shows has been shown.
Feb 28, 2023 9:17:32 PM Implementation.ImplementationOperations listMovieShowsAvailability
INFO: List of movie shows has been shown.
Feb 28, 2023 9:18:19 PM Implementation.ImplementationOperations listMovieShowsAvailability
INFO: List of movie shows has been shown.
Feb 28, 2023 9:20:34 PM Implementation.ImplementationOperations listMovieShowsAvailability
INFO: List of movie shows has been shown.
Feb 28, 2023 9:20:47 PM Implementation.ImplementationOperations listMovieShowsAvailability
INFO: List of movie shows has been shown.
Feb 28, 2023 9:21:10 PM Implementation.ImplementationOperations listMovieShowsAvailability
INFO: List of movie shows has been shown.
Feb 28, 2023 9:21:19 PM Implementation.ImplementationOperations listMovieShowsAvailability
INFO: List of movie shows has been shown.
Feb 28, 2023 9:21:49 PM Implementation.ImplementationOperations listMovieShowsAvailability
INFO: List of movie shows has been shown.
