Feb 24, 2023 12:53:51 PM Server.Servers serve_listener
INFO: Message from the server OUT in booking_schedule at the port 8003
Feb 24, 2023 12:54:04 PM Server.Servers serve_listener
INFO: Message from the server OUT in booking_schedule at the port 8003
Feb 24, 2023 12:54:15 PM Server.Servers serve_listener
INFO: Message from the server OUT in list_movie at the port 8003
Feb 24, 2023 12:57:33 PM Server.Servers serve_listener
INFO: Message from the server OUT in booking_schedule at the port 8003
Feb 24, 2023 12:57:38 PM Server.Servers serve_listener
INFO: Message from the server OUT in booking_schedule at the port 8003
Feb 24, 2023 12:57:46 PM Server.Servers serve_listener
INFO: Message from the server OUT in list_movie at the port 8003
Feb 24, 2023 12:58:15 PM Server.Servers serve_listener
INFO: Message from the server OUT in booking_schedule at the port 8003
Feb 24, 2023 1:10:22 PM Server.Servers serve_listener
INFO: Message from the server OUT in booking_schedule at the port 8003
Feb 24, 2023 1:10:25 PM Server.Servers serve_listener
INFO: Message from the server OUT in booking_schedule at the port 8003
Feb 24, 2023 1:10:40 PM Server.Servers serve_listener
INFO: Message from the server OUT in list_movie at the port 8003
Feb 24, 2023 1:10:49 PM Server.Servers serve_listener
INFO: Message from the server OUT in booking_schedule at the port 8003
Feb 24, 2023 1:22:20 PM Server.Servers serve_listener
INFO: Message from the server OUT in booking_schedule at the port 8003
Feb 24, 2023 1:22:28 PM Server.Servers serve_listener
INFO: Message from the server OUT in list_movie at the port 8003
Feb 24, 2023 1:22:32 PM Server.Servers serve_listener
INFO: Message from the server OUT in booking_schedule at the port 8003
Feb 24, 2023 1:24:22 PM Server.Servers serve_listener
INFO: Message from the server OUT in booking_schedule at the port 8003
Feb 24, 2023 1:24:34 PM Server.Servers serve_listener
INFO: Message from the server OUT in list_movie at the port 8003
Feb 24, 2023 1:24:38 PM Server.Servers serve_listener
INFO: Message from the server OUT in booking_schedule at the port 8003
Feb 24, 2023 1:27:00 PM Server.Servers serve_listener
INFO: Message from the server OUT in booking_schedule at the port 8003
Feb 24, 2023 1:27:08 PM Server.Servers serve_listener
INFO: Message from the server OUT in list_movie at the port 8003
Feb 24, 2023 1:27:23 PM Server.Servers serve_listener
INFO: Message from the server OUT in booking_schedule at the port 8003
Feb 24, 2023 1:27:31 PM Server.Servers serve_listener
INFO: Message from the server OUT in booking_schedule at the port 8003
Feb 24, 2023 1:27:40 PM Server.Servers serve_listener
INFO: Message from the server OUT in list_movie at the port 8003
Feb 24, 2023 1:27:44 PM Server.Servers serve_listener
INFO: Message from the server OUT in booking_schedule at the port 8003
Feb 24, 2023 1:28:00 PM Server.Servers serve_listener
INFO: Message from the server OUT in booking_schedule at the port 8003
Feb 24, 2023 1:28:09 PM Server.Servers serve_listener
INFO: Message from the server OUT in list_movie at the port 8003
Feb 24, 2023 1:28:23 PM Server.Servers serve_listener
INFO: Message from the server OUT in booking_schedule at the port 8003
Feb 24, 2023 1:28:23 PM Server.Servers serve_listener
INFO: Message from the server OUT in bookMovieTickets at the port 8003
Feb 24, 2023 1:28:32 PM Server.Servers serve_listener
INFO: Message from the server OUT in list_movie at the port 8003
Feb 24, 2023 1:36:12 PM Server.Servers serve_listener
INFO: Message from the server OUT in booking_schedule at the port 8003
Feb 24, 2023 1:36:16 PM Server.Servers serve_listener
INFO: Message from the server OUT in booking_schedule at the port 8003
Feb 24, 2023 1:36:55 PM Server.Servers serve_listener
INFO: Message from the server OUT in list_movie at the port 8003
Feb 24, 2023 1:37:02 PM Server.Servers serve_listener
INFO: Message from the server OUT in booking_schedule at the port 8003
Feb 24, 2023 1:37:10 PM Server.Servers serve_listener
INFO: Message from the server OUT in list_movie at the port 8003
Feb 24, 2023 1:37:17 PM Server.Servers serve_listener
INFO: Message from the server OUT in booking_schedule at the port 8003
Feb 24, 2023 1:37:28 PM Server.Servers serve_listener
INFO: Message from the server OUT in booking_schedule at the port 8003
Feb 24, 2023 1:41:26 PM Server.Servers serve_listener
INFO: Message from the server OUT in booking_schedule at the port 8003
Feb 24, 2023 1:41:41 PM Server.Servers serve_listener
INFO: Message from the server OUT in list_movie at the port 8003
Feb 24, 2023 1:42:03 PM Server.Servers serve_listener
INFO: Message from the server OUT in booking_schedule at the port 8003
Feb 24, 2023 1:42:14 PM Server.Servers serve_listener
INFO: Message from the server OUT in list_movie at the port 8003
Feb 24, 2023 1:42:19 PM Server.Servers serve_listener
INFO: Message from the server OUT in booking_schedule at the port 8003
Feb 24, 2023 1:42:20 PM Server.Servers serve_listener
INFO: Message from the server OUT in booking_schedule at the port 8003
Feb 24, 2023 1:42:24 PM Server.Servers serve_listener
INFO: Message from the server OUT in list_movie at the port 8003
Feb 24, 2023 1:42:29 PM Server.Servers serve_listener
INFO: Message from the server OUT in booking_schedule at the port 8003
Feb 24, 2023 1:42:29 PM Server.Servers serve_listener
INFO: Message from the server OUT in booking_schedule at the port 8003
Feb 24, 2023 1:42:33 PM Server.Servers serve_listener
INFO: Message from the server OUT in booking_schedule at the port 8003
Feb 24, 2023 1:42:38 PM Server.Servers serve_listener
INFO: Message from the server OUT in list_movie at the port 8003
Feb 24, 2023 1:42:49 PM Server.Servers serve_listener
INFO: Message from the server OUT in booking_schedule at the port 8003
Feb 24, 2023 1:42:54 PM Server.Servers serve_listener
INFO: Message from the server OUT in list_movie at the port 8003
Feb 24, 2023 1:42:59 PM Server.Servers serve_listener
INFO: Message from the server OUT in booking_schedule at the port 8003
Feb 24, 2023 1:42:59 PM Server.Servers serve_listener
INFO: Message from the server OUT in booking_schedule at the port 8003
Feb 24, 2023 1:43:01 PM Server.Servers serve_listener
INFO: Message from the server OUT in booking_schedule at the port 8003
Feb 24, 2023 1:43:06 PM Server.Servers serve_listener
INFO: Message from the server OUT in list_movie at the port 8003
Feb 24, 2023 1:43:08 PM Server.Servers serve_listener
INFO: Message from the server OUT in booking_schedule at the port 8003
Feb 24, 2023 1:43:08 PM Server.Servers serve_listener
INFO: Message from the server OUT in booking_schedule at the port 8003
Feb 24, 2023 1:43:13 PM Server.Servers serve_listener
INFO: Message from the server OUT in list_movie at the port 8003
Feb 24, 2023 1:43:18 PM Server.Servers serve_listener
INFO: Message from the server OUT in booking_schedule at the port 8003
Feb 24, 2023 1:43:18 PM Server.Servers serve_listener
INFO: Message from the server OUT in booking_schedule at the port 8003
Feb 24, 2023 1:43:22 PM Server.Servers serve_listener
INFO: Message from the server OUT in booking_schedule at the port 8003
Feb 24, 2023 1:43:26 PM Server.Servers serve_listener
INFO: Message from the server OUT in booking_schedule at the port 8003
Feb 24, 2023 1:43:43 PM Server.Servers serve_listener
INFO: Message from the server OUT in booking_schedule at the port 8003
Feb 24, 2023 1:43:46 PM Server.Servers serve_listener
INFO: Message from the server OUT in booking_schedule at the port 8003
Feb 24, 2023 1:44:05 PM Server.Servers serve_listener
INFO: Message from the server OUT in booking_schedule at the port 8003
Feb 24, 2023 1:44:14 PM Server.Servers serve_listener
INFO: Message from the server OUT in list_movie at the port 8003
Feb 24, 2023 1:44:16 PM Server.Servers serve_listener
INFO: Message from the server OUT in booking_schedule at the port 8003
Feb 24, 2023 1:47:23 PM Server.Servers serve_listener
INFO: Message from the server OUT in booking_schedule at the port 8003
Feb 24, 2023 1:47:27 PM Server.Servers serve_listener
INFO: Message from the server OUT in booking_schedule at the port 8003
Feb 24, 2023 1:47:40 PM Server.Servers serve_listener
INFO: Message from the server OUT in list_movie at the port 8003
Feb 24, 2023 1:47:46 PM Server.Servers serve_listener
INFO: Message from the server OUT in booking_schedule at the port 8003
Feb 24, 2023 1:47:49 PM Server.Servers serve_listener
INFO: Message from the server OUT in booking_schedule at the port 8003
Feb 24, 2023 1:47:53 PM Server.Servers serve_listener
INFO: Message from the server OUT in list_movie at the port 8003
Feb 24, 2023 1:47:57 PM Server.Servers serve_listener
INFO: Message from the server OUT in booking_schedule at the port 8003
Feb 24, 2023 1:47:57 PM Server.Servers serve_listener
INFO: Message from the server OUT in booking_schedule at the port 8003
Feb 24, 2023 1:48:11 PM Server.Servers serve_listener
INFO: Message from the server OUT in booking_schedule at the port 8003
Feb 24, 2023 1:49:52 PM Server.Servers serve_listener
INFO: Message from the server OUT in booking_schedule at the port 8003
Feb 24, 2023 1:50:07 PM Server.Servers serve_listener
INFO: Message from the server OUT in list_movie at the port 8003
Feb 24, 2023 1:51:20 PM Server.Servers serve_listener
INFO: Message from the server OUT in booking_schedule at the port 8003
Feb 24, 2023 1:51:32 PM Server.Servers serve_listener
INFO: Message from the server OUT in list_movie at the port 8003
Feb 24, 2023 1:51:35 PM Server.Servers serve_listener
INFO: Message from the server OUT in booking_schedule at the port 8003
Feb 24, 2023 1:51:39 PM Server.Servers serve_listener
INFO: Message from the server OUT in list_movie at the port 8003
Feb 24, 2023 1:51:41 PM Server.Servers serve_listener
INFO: Message from the server OUT in booking_schedule at the port 8003
Feb 24, 2023 1:51:41 PM Server.Servers serve_listener
INFO: Message from the server OUT in booking_schedule at the port 8003
Feb 24, 2023 1:51:43 PM Server.Servers serve_listener
INFO: Message from the server OUT in booking_schedule at the port 8003
Feb 24, 2023 1:51:45 PM Server.Servers serve_listener
INFO: Message from the server OUT in booking_schedule at the port 8003
Feb 24, 2023 1:51:52 PM Server.Servers serve_listener
INFO: Message from the server OUT in list_movie at the port 8003
Feb 24, 2023 1:51:54 PM Server.Servers serve_listener
INFO: Message from the server OUT in booking_schedule at the port 8003
Feb 24, 2023 1:52:15 PM Server.Servers serve_listener
INFO: Message from the server OUT in booking_schedule at the port 8003
Feb 24, 2023 1:52:22 PM Server.Servers serve_listener
INFO: Message from the server OUT in list_movie at the port 8003
Feb 24, 2023 1:52:29 PM Server.Servers serve_listener
INFO: Message from the server OUT in booking_schedule at the port 8003
Feb 26, 2023 11:56:06 PM Server.Servers serve_listener
INFO: Message from the server OUT in booking_schedule at the port 8003
Feb 27, 2023 3:05:59 PM Server.Servers serve_listener
INFO: Message from the server OUT in booking_schedule at the port 8003
Feb 27, 2023 3:06:06 PM Server.Servers serve_listener
INFO: Message from the server OUT in list_movie at the port 8003
Feb 27, 2023 3:06:23 PM Server.Servers serve_listener
INFO: Message from the server OUT in booking_schedule at the port 8003
Feb 28, 2023 3:17:32 PM Server.Servers serve_listener
INFO: Message from the server OUT in list_movie at the port 8003
Feb 28, 2023 3:17:44 PM Server.Servers serve_listener
INFO: Message from the server OUT in booking_schedule at the port 8003
Feb 28, 2023 3:29:21 PM Server.Servers serve_listener
INFO: Message from the server OUT in list_movie at the port 8003
Feb 28, 2023 3:29:49 PM Server.Servers serve_listener
INFO: Message from the server OUT in booking_schedule at the port 8003
Feb 28, 2023 3:29:51 PM Server.Servers serve_listener
INFO: Message from the server OUT in booking_schedule at the port 8003
Feb 28, 2023 3:34:27 PM Server.Servers serve_listener
INFO: Message from the server OUT in list_movie at the port 8003
Feb 28, 2023 3:34:32 PM Server.Servers serve_listener
INFO: Message from the server OUT in booking_schedule at the port 8003
Feb 28, 2023 3:35:42 PM Server.Servers serve_listener
INFO: Message from the server OUT in booking_schedule at the port 8003
Feb 28, 2023 3:35:44 PM Server.Servers serve_listener
INFO: Message from the server OUT in booking_schedule at the port 8003
Feb 28, 2023 3:35:53 PM Server.Servers serve_listener
INFO: Message from the server OUT in booking_schedule at the port 8003
Feb 28, 2023 3:36:03 PM Server.Servers serve_listener
INFO: Message from the server OUT in list_movie at the port 8003
Feb 28, 2023 3:36:15 PM Server.Servers serve_listener
INFO: Message from the server OUT in booking_schedule at the port 8003
Feb 28, 2023 3:36:19 PM Server.Servers serve_listener
INFO: Message from the server OUT in booking_schedule at the port 8003
Feb 28, 2023 3:36:33 PM Server.Servers serve_listener
INFO: Message from the server OUT in list_movie at the port 8003
Feb 28, 2023 3:39:25 PM Server.Servers serve_listener
INFO: Message from the server OUT in booking_schedule at the port 8003
Feb 28, 2023 3:39:57 PM Server.Servers serve_listener
INFO: Message from the server OUT in list_movie at the port 8003
Feb 28, 2023 3:40:01 PM Server.Servers serve_listener
INFO: Message from the server OUT in booking_schedule at the port 8003
Feb 28, 2023 3:40:05 PM Server.Servers serve_listener
INFO: Message from the server OUT in booking_schedule at the port 8003
Feb 28, 2023 3:40:10 PM Server.Servers serve_listener
INFO: Message from the server OUT in booking_schedule at the port 8003
Feb 28, 2023 3:40:18 PM Server.Servers serve_listener
INFO: Message from the server OUT in list_movie at the port 8003
Feb 28, 2023 3:40:44 PM Server.Servers serve_listener
INFO: Message from the server OUT in booking_schedule at the port 8003
Feb 28, 2023 3:40:51 PM Server.Servers serve_listener
INFO: Message from the server OUT in list_movie at the port 8003
Feb 28, 2023 3:40:55 PM Server.Servers serve_listener
INFO: Message from the server OUT in booking_schedule at the port 8003
Feb 28, 2023 3:40:55 PM Server.Servers serve_listener
INFO: Message from the server OUT in cancelMovieTickets at the port 8003
Feb 28, 2023 3:40:55 PM Implementation.ImplementationOperations ExchangeMovieShow
INFO: 20 tickets booked for the movie AVENGER-OUTM29022023
Feb 28, 2023 3:40:55 PM Server.Servers serve_listener
INFO: Message from the server OUT in bookMovieTickets at the port 8003
Feb 28, 2023 3:40:55 PM Implementation.ImplementationOperations ExchangeMovieShow
INFO: 20 Seats are not available for the AVENGER - OUTM29022023
Feb 28, 2023 3:40:55 PM Server.Servers serve_listener
INFO: Message from the server OUT in bookMovieTickets at the port 8003
Feb 28, 2023 3:41:42 PM Server.Servers serve_listener
INFO: Message from the server OUT in list_movie at the port 8003
Feb 28, 2023 3:46:20 PM Server.Servers serve_listener
INFO: Message from the server OUT in booking_schedule at the port 8003
Feb 28, 2023 3:46:25 PM Server.Servers serve_listener
INFO: Message from the server OUT in list_movie at the port 8003
Feb 28, 2023 3:46:32 PM Server.Servers serve_listener
INFO: Message from the server OUT in booking_schedule at the port 8003
Feb 28, 2023 3:46:32 PM Server.Servers serve_listener
INFO: Message from the server OUT in bookMovieTickets at the port 8003
Feb 28, 2023 3:48:07 PM Server.Servers serve_listener
INFO: Message from the server OUT in booking_schedule at the port 8003
Feb 28, 2023 3:48:13 PM Server.Servers serve_listener
INFO: Message from the server OUT in list_movie at the port 8003
Feb 28, 2023 3:48:29 PM Server.Servers serve_listener
INFO: Message from the server OUT in list_movie at the port 8003
Feb 28, 2023 3:48:35 PM Server.Servers serve_listener
INFO: Message from the server OUT in booking_schedule at the port 8003
Feb 28, 2023 3:48:39 PM Server.Servers serve_listener
INFO: Message from the server OUT in booking_schedule at the port 8003
Feb 28, 2023 3:48:47 PM Server.Servers serve_listener
INFO: Message from the server OUT in list_movie at the port 8003
Feb 28, 2023 3:48:57 PM Server.Servers serve_listener
INFO: Message from the server OUT in booking_schedule at the port 8003
Feb 28, 2023 3:48:57 PM Server.Servers serve_listener
INFO: Message from the server OUT in cancelMovieTickets at the port 8003
Feb 28, 2023 3:48:57 PM Implementation.ImplementationOperations ExchangeMovieShow
INFO: 20 tickets booked for the movie AVENGER-OUTM29022023
Feb 28, 2023 3:48:57 PM Server.Servers serve_listener
INFO: Message from the server OUT in bookMovieTickets at the port 8003
Feb 28, 2023 3:48:57 PM Implementation.ImplementationOperations ExchangeMovieShow
INFO: 20 Seats are not available for the AVENGER - OUTM29022023
Feb 28, 2023 3:48:57 PM Server.Servers serve_listener
INFO: Message from the server OUT in bookMovieTickets at the port 8003
Feb 28, 2023 3:50:08 PM Server.Servers serve_listener
INFO: Message from the server OUT in booking_schedule at the port 8003
Feb 28, 2023 3:50:19 PM Server.Servers serve_listener
INFO: Message from the server OUT in list_movie at the port 8003
Feb 28, 2023 4:14:50 PM Implementation.ImplementationOperations listMovieShowsAvailability
INFO: List of movie shows has been shown.
Feb 28, 2023 4:14:59 PM Implementation.ImplementationOperations bookMovieTickets
INFO: 30 tickets booked for the movie AVENGER-OUTM29022023
Feb 28, 2023 4:15:12 PM Implementation.ImplementationOperations listMovieShowsAvailability
INFO: List of movie shows has been shown.
Feb 28, 2023 4:16:12 PM Implementation.ImplementationOperations listMovieShowsAvailability
INFO: List of movie shows has been shown.
Feb 28, 2023 4:16:27 PM Implementation.ImplementationOperations listMovieShowsAvailability
INFO: List of movie shows has been shown.
Feb 28, 2023 4:19:19 PM Server.Servers serve_listener
INFO: Message from the server OUT in booking_schedule at the port 8003
Feb 28, 2023 4:19:24 PM Server.Servers serve_listener
INFO: Message from the server OUT in list_movie at the port 8003
Feb 28, 2023 4:19:35 PM Server.Servers serve_listener
INFO: Message from the server OUT in booking_schedule at the port 8003
Feb 28, 2023 4:19:37 PM Server.Servers serve_listener
INFO: Message from the server OUT in booking_schedule at the port 8003
Feb 28, 2023 4:19:41 PM Server.Servers serve_listener
INFO: Message from the server OUT in booking_schedule at the port 8003
Feb 28, 2023 4:19:49 PM Server.Servers serve_listener
INFO: Message from the server OUT in list_movie at the port 8003
Feb 28, 2023 4:20:00 PM Server.Servers serve_listener
INFO: Message from the server OUT in booking_schedule at the port 8003
Feb 28, 2023 4:21:27 PM Server.Servers serve_listener
INFO: Message from the server OUT in booking_schedule at the port 8003
Feb 28, 2023 4:21:39 PM Server.Servers serve_listener
INFO: Message from the server OUT in booking_schedule at the port 8003
Feb 28, 2023 4:21:44 PM Server.Servers serve_listener
INFO: Message from the server OUT in booking_schedule at the port 8003
Feb 28, 2023 4:21:57 PM Server.Servers serve_listener
INFO: Message from the server OUT in booking_schedule at the port 8003
Feb 28, 2023 4:22:06 PM Server.Servers serve_listener
INFO: Message from the server OUT in list_movie at the port 8003
Feb 28, 2023 4:22:41 PM Server.Servers serve_listener
INFO: Message from the server OUT in booking_schedule at the port 8003
Feb 28, 2023 4:23:02 PM Server.Servers serve_listener
INFO: Message from the server OUT in booking_schedule at the port 8003
Feb 28, 2023 4:23:07 PM Server.Servers serve_listener
INFO: Message from the server OUT in list_movie at the port 8003
Feb 28, 2023 4:23:10 PM Server.Servers serve_listener
INFO: Message from the server OUT in booking_schedule at the port 8003
Feb 28, 2023 4:23:19 PM Server.Servers serve_listener
INFO: Message from the server OUT in list_movie at the port 8003
Feb 28, 2023 4:23:31 PM Server.Servers serve_listener
INFO: Message from the server OUT in booking_schedule at the port 8003
Feb 28, 2023 4:23:40 PM Server.Servers serve_listener
INFO: Message from the server OUT in list_movie at the port 8003
Feb 28, 2023 4:23:51 PM Server.Servers serve_listener
INFO: Message from the server OUT in booking_schedule at the port 8003
Feb 28, 2023 4:23:59 PM Server.Servers serve_listener
INFO: Message from the server OUT in booking_schedule at the port 8003
Feb 28, 2023 4:24:08 PM Server.Servers serve_listener
INFO: Message from the server OUT in list_movie at the port 8003
Feb 28, 2023 4:24:11 PM Server.Servers serve_listener
INFO: Message from the server OUT in booking_schedule at the port 8003
Feb 28, 2023 4:24:17 PM Server.Servers serve_listener
INFO: Message from the server OUT in list_movie at the port 8003
Feb 28, 2023 4:24:27 PM Server.Servers serve_listener
INFO: Message from the server OUT in list_movie at the port 8003
Feb 28, 2023 4:24:30 PM Server.Servers serve_listener
INFO: Message from the server OUT in booking_schedule at the port 8003
Feb 28, 2023 4:24:31 PM Server.Servers serve_listener
INFO: Message from the server OUT in booking_schedule at the port 8003
Feb 28, 2023 4:27:21 PM Server.Servers serve_listener
INFO: Message from the server OUT in booking_schedule at the port 8003
Feb 28, 2023 4:27:25 PM Server.Servers serve_listener
INFO: Message from the server OUT in list_movie at the port 8003
Feb 28, 2023 4:27:30 PM Server.Servers serve_listener
INFO: Message from the server OUT in booking_schedule at the port 8003
Feb 28, 2023 4:27:32 PM Server.Servers serve_listener
INFO: Message from the server OUT in booking_schedule at the port 8003
Feb 28, 2023 4:27:42 PM Server.Servers serve_listener
INFO: Message from the server OUT in booking_schedule at the port 8003
Feb 28, 2023 4:28:41 PM Server.Servers serve_listener
INFO: Message from the server OUT in booking_schedule at the port 8003
Feb 28, 2023 4:28:49 PM Server.Servers serve_listener
INFO: Message from the server OUT in list_movie at the port 8003
Feb 28, 2023 4:28:54 PM Server.Servers serve_listener
INFO: Message from the server OUT in booking_schedule at the port 8003
Feb 28, 2023 4:28:54 PM Server.Servers serve_listener
INFO: Message from the server OUT in cancelMovieTickets at the port 8003
Feb 28, 2023 4:28:54 PM Implementation.ImplementationOperations ExchangeMovieShow
INFO: 20 tickets booked for the movie AVENGER-OUTM29022023
Feb 28, 2023 4:28:54 PM Server.Servers serve_listener
INFO: Message from the server OUT in bookMovieTickets at the port 8003
Feb 28, 2023 4:28:54 PM Implementation.ImplementationOperations ExchangeMovieShow
INFO: 20 tickets booked for the movie AVENGER-OUTM29022023
Feb 28, 2023 4:28:54 PM Server.Servers serve_listener
INFO: Message from the server OUT in bookMovieTickets at the port 8003
Feb 28, 2023 4:28:57 PM Server.Servers serve_listener
INFO: Message from the server OUT in booking_schedule at the port 8003
Feb 28, 2023 4:29:06 PM Server.Servers serve_listener
INFO: Message from the server OUT in booking_schedule at the port 8003
Feb 28, 2023 4:29:13 PM Server.Servers serve_listener
INFO: Message from the server OUT in list_movie at the port 8003
Feb 28, 2023 4:29:18 PM Server.Servers serve_listener
INFO: Message from the server OUT in booking_schedule at the port 8003
Feb 28, 2023 4:29:18 PM Server.Servers serve_listener
INFO: Message from the server OUT in cancelMovieTickets at the port 8003
Feb 28, 2023 4:29:21 PM Server.Servers serve_listener
INFO: Message from the server OUT in booking_schedule at the port 8003
Feb 28, 2023 4:29:27 PM Server.Servers serve_listener
INFO: Message from the server OUT in list_movie at the port 8003
Feb 28, 2023 4:48:36 PM Server.Servers serve_listener
INFO: Message from the server OUT in booking_schedule at the port 8003
Feb 28, 2023 4:48:46 PM Server.Servers serve_listener
INFO: Message from the server OUT in list_movie at the port 8003
Feb 28, 2023 4:52:30 PM Server.Servers serve_listener
INFO: Message from the server OUT in booking_schedule at the port 8003
Feb 28, 2023 4:52:36 PM Server.Servers serve_listener
INFO: Message from the server OUT in list_movie at the port 8003
Feb 28, 2023 4:52:43 PM Server.Servers serve_listener
INFO: Message from the server OUT in booking_schedule at the port 8003
Feb 28, 2023 4:52:43 PM Server.Servers serve_listener
INFO: Message from the server OUT in bookMovieTickets at the port 8003
Feb 28, 2023 4:52:45 PM Server.Servers serve_listener
INFO: Message from the server OUT in booking_schedule at the port 8003
Feb 28, 2023 4:52:55 PM Server.Servers serve_listener
INFO: Message from the server OUT in list_movie at the port 8003
Feb 28, 2023 4:53:04 PM Server.Servers serve_listener
INFO: Message from the server OUT in booking_schedule at the port 8003
Feb 28, 2023 4:53:04 PM Server.Servers serve_listener
INFO: Message from the server OUT in cancelMovieTickets at the port 8003
Feb 28, 2023 4:53:04 PM Implementation.ImplementationOperations ExchangeMovieShow
INFO: 15 tickets booked for the movie AVATAR-OUTM06032023
Feb 28, 2023 4:53:04 PM Server.Servers serve_listener
INFO: Message from the server OUT in bookMovieTickets at the port 8003
Feb 28, 2023 4:53:04 PM Implementation.ImplementationOperations ExchangeMovieShow
INFO: 15 tickets booked for the movie AVATAR-OUTM06032023
Feb 28, 2023 4:53:04 PM Server.Servers serve_listener
INFO: Message from the server OUT in bookMovieTickets at the port 8003
Feb 28, 2023 4:53:09 PM Server.Servers serve_listener
INFO: Message from the server OUT in list_movie at the port 8003
Feb 28, 2023 4:54:08 PM Server.Servers serve_listener
INFO: Message from the server OUT in booking_schedule at the port 8003
Feb 28, 2023 4:54:27 PM Server.Servers serve_listener
INFO: Message from the server OUT in list_movie at the port 8003
Feb 28, 2023 4:55:55 PM Server.Servers serve_listener
INFO: Message from the server OUT in booking_schedule at the port 8003
Feb 28, 2023 5:00:42 PM Server.Servers serve_listener
INFO: Message from the server OUT in booking_schedule at the port 8003
Feb 28, 2023 5:00:52 PM Server.Servers serve_listener
INFO: Message from the server OUT in booking_schedule at the port 8003
Feb 28, 2023 5:01:16 PM Server.Servers serve_listener
INFO: Message from the server OUT in booking_schedule at the port 8003
Feb 28, 2023 5:01:23 PM Server.Servers serve_listener
INFO: Message from the server OUT in list_movie at the port 8003
Feb 28, 2023 5:01:32 PM Server.Servers serve_listener
INFO: Message from the server OUT in booking_schedule at the port 8003
Feb 28, 2023 5:01:33 PM Server.Servers serve_listener
INFO: Message from the server OUT in booking_schedule at the port 8003
Feb 28, 2023 5:01:38 PM Server.Servers serve_listener
INFO: Message from the server OUT in list_movie at the port 8003
Feb 28, 2023 5:10:13 PM Server.Servers serve_listener
INFO: Message from the server OUT in booking_schedule at the port 8003
Feb 28, 2023 5:10:32 PM Server.Servers serve_listener
INFO: Message from the server OUT in booking_schedule at the port 8003
Feb 28, 2023 5:10:42 PM Server.Servers serve_listener
INFO: Message from the server OUT in list_movie at the port 8003
Feb 28, 2023 5:11:37 PM Server.Servers serve_listener
INFO: Message from the server OUT in booking_schedule at the port 8003
Feb 28, 2023 5:18:34 PM Server.Servers serve_listener
INFO: Message from the server OUT in cancelMovieTickets at the port 8003
Feb 28, 2023 5:18:38 PM Implementation.ImplementationOperations ExchangeMovieShow
INFO: 15 tickets booked for the movie AVATAR-OUTM06032023
Feb 28, 2023 5:18:41 PM Server.Servers serve_listener
INFO: Message from the server OUT in bookMovieTickets at the port 8003
Feb 28, 2023 5:23:11 PM Implementation.ImplementationOperations ExchangeMovieShow
INFO: 15 tickets booked for the movie AVATAR-OUTM06032023
Feb 28, 2023 5:23:12 PM Server.Servers serve_listener
INFO: Message from the server OUT in bookMovieTickets at the port 8003
Feb 28, 2023 5:26:21 PM Server.Servers serve_listener
INFO: Message from the server OUT in booking_schedule at the port 8003
Feb 28, 2023 5:26:24 PM Server.Servers serve_listener
INFO: Message from the server OUT in booking_schedule at the port 8003
Feb 28, 2023 5:26:34 PM Server.Servers serve_listener
INFO: Message from the server OUT in list_movie at the port 8003
Feb 28, 2023 5:26:37 PM Server.Servers serve_listener
INFO: Message from the server OUT in booking_schedule at the port 8003
Feb 28, 2023 5:26:40 PM Server.Servers serve_listener
INFO: Message from the server OUT in booking_schedule at the port 8003
Feb 28, 2023 5:26:43 PM Server.Servers serve_listener
INFO: Message from the server OUT in list_movie at the port 8003
Feb 28, 2023 5:28:51 PM Server.Servers serve_listener
INFO: Message from the server OUT in booking_schedule at the port 8003
Feb 28, 2023 5:34:31 PM Server.Servers serve_listener
INFO: Message from the server OUT in booking_schedule at the port 8003
Feb 28, 2023 5:34:38 PM Server.Servers serve_listener
INFO: Message from the server OUT in booking_schedule at the port 8003
Feb 28, 2023 5:34:56 PM Server.Servers serve_listener
INFO: Message from the server OUT in booking_schedule at the port 8003
Feb 28, 2023 5:35:17 PM Server.Servers serve_listener
INFO: Message from the server OUT in booking_schedule at the port 8003
Feb 28, 2023 5:35:49 PM Server.Servers serve_listener
INFO: Message from the server OUT in booking_schedule at the port 8003
Feb 28, 2023 5:35:59 PM Server.Servers serve_listener
INFO: Message from the server OUT in list_movie at the port 8003
Feb 28, 2023 5:36:04 PM Server.Servers serve_listener
INFO: Message from the server OUT in booking_schedule at the port 8003
Feb 28, 2023 5:36:11 PM Server.Servers serve_listener
INFO: Message from the server OUT in list_movie at the port 8003
Feb 28, 2023 5:36:20 PM Server.Servers serve_listener
INFO: Message from the server OUT in booking_schedule at the port 8003
Feb 28, 2023 5:37:02 PM Server.Servers serve_listener
INFO: Message from the server OUT in list_movie at the port 8003
Feb 28, 2023 5:37:08 PM Server.Servers serve_listener
INFO: Message from the server OUT in booking_schedule at the port 8003
Feb 28, 2023 5:37:18 PM Server.Servers serve_listener
INFO: Message from the server OUT in list_movie at the port 8003
Feb 28, 2023 5:37:22 PM Server.Servers serve_listener
INFO: Message from the server OUT in booking_schedule at the port 8003
Feb 28, 2023 5:37:37 PM Server.Servers serve_listener
INFO: Message from the server OUT in booking_schedule at the port 8003
Feb 28, 2023 5:38:30 PM Server.Servers serve_listener
INFO: Message from the server OUT in list_movie at the port 8003
Feb 28, 2023 5:38:36 PM Server.Servers serve_listener
INFO: Message from the server OUT in booking_schedule at the port 8003
Feb 28, 2023 5:38:36 PM Server.Servers serve_listener
INFO: Message from the server OUT in cancelMovieTickets at the port 8003
Feb 28, 2023 5:38:36 PM Implementation.ImplementationOperations ExchangeMovieShow
INFO: 15 tickets booked for the movie AVATAR-OUTM06032023
Feb 28, 2023 5:38:36 PM Server.Servers serve_listener
INFO: Message from the server OUT in bookMovieTickets at the port 8003
Feb 28, 2023 5:38:36 PM Implementation.ImplementationOperations ExchangeMovieShow
INFO: 15 tickets booked for the movie AVATAR-OUTM06032023
Feb 28, 2023 5:38:36 PM Server.Servers serve_listener
INFO: Message from the server OUT in bookMovieTickets at the port 8003
Feb 28, 2023 5:38:40 PM Server.Servers serve_listener
INFO: Message from the server OUT in list_movie at the port 8003
Feb 28, 2023 5:39:01 PM Server.Servers serve_listener
INFO: Message from the server OUT in booking_schedule at the port 8003
Feb 28, 2023 5:39:08 PM Server.Servers serve_listener
INFO: Message from the server OUT in cancelMovieTickets at the port 8003
Feb 28, 2023 5:39:12 PM Server.Servers serve_listener
INFO: Message from the server OUT in list_movie at the port 8003
Feb 28, 2023 5:39:23 PM Server.Servers serve_listener
INFO: Message from the server OUT in booking_schedule at the port 8003
Feb 28, 2023 5:39:28 PM Server.Servers serve_listener
INFO: Message from the server OUT in cancelMovieTickets at the port 8003
Feb 28, 2023 5:39:31 PM Server.Servers serve_listener
INFO: Message from the server OUT in booking_schedule at the port 8003
Feb 28, 2023 5:39:39 PM Server.Servers serve_listener
INFO: Message from the server OUT in list_movie at the port 8003
Feb 28, 2023 5:44:35 PM Server.Servers serve_listener
INFO: Message from the server OUT in booking_schedule at the port 8003
Feb 28, 2023 5:45:56 PM Server.Servers serve_listener
INFO: Message from the server OUT in booking_schedule at the port 8003
Feb 28, 2023 5:46:08 PM Server.Servers serve_listener
INFO: Message from the server OUT in list_movie at the port 8003
Feb 28, 2023 5:46:13 PM Server.Servers serve_listener
INFO: Message from the server OUT in booking_schedule at the port 8003
Feb 28, 2023 5:46:13 PM Server.Servers serve_listener
INFO: Message from the server OUT in cancelMovieTickets at the port 8003
Feb 28, 2023 5:46:13 PM Implementation.ImplementationOperations ExchangeMovieShow
INFO: 15 tickets booked for the movie AVATAR-OUTM06032023
Feb 28, 2023 5:46:13 PM Server.Servers serve_listener
INFO: Message from the server OUT in bookMovieTickets at the port 8003
Feb 28, 2023 5:46:13 PM Implementation.ImplementationOperations ExchangeMovieShow
INFO: 15 tickets booked for the movie AVATAR-OUTM06032023
Feb 28, 2023 5:46:13 PM Server.Servers serve_listener
INFO: Message from the server OUT in bookMovieTickets at the port 8003
Feb 28, 2023 5:46:17 PM Server.Servers serve_listener
INFO: Message from the server OUT in list_movie at the port 8003
Feb 28, 2023 7:53:31 PM Server.Servers serve_listener
INFO: Message from the server OUT in booking_schedule at the port 8003
Feb 28, 2023 7:53:33 PM Server.Servers serve_listener
INFO: Message from the server OUT in booking_schedule at the port 8003
Feb 28, 2023 7:53:40 PM Server.Servers serve_listener
INFO: Message from the server OUT in list_movie at the port 8003
Feb 28, 2023 7:53:46 PM Server.Servers serve_listener
INFO: Message from the server OUT in booking_schedule at the port 8003
Feb 28, 2023 7:53:46 PM Server.Servers serve_listener
INFO: Message from the server OUT in cancelMovieTickets at the port 8003
Feb 28, 2023 7:53:46 PM Implementation.ImplementationOperations ExchangeMovieShow
INFO: 15 tickets booked for the movie AVATAR-OUTM06032023
Feb 28, 2023 7:53:46 PM Server.Servers serve_listener
INFO: Message from the server OUT in bookMovieTickets at the port 8003
Feb 28, 2023 7:53:46 PM Implementation.ImplementationOperations ExchangeMovieShow
INFO: 15 tickets booked for the movie AVATAR-OUTM06032023
Feb 28, 2023 7:53:46 PM Server.Servers serve_listener
INFO: Message from the server OUT in bookMovieTickets at the port 8003
Feb 28, 2023 7:53:50 PM Server.Servers serve_listener
INFO: Message from the server OUT in list_movie at the port 8003
Feb 28, 2023 8:14:52 PM Server.Servers serve_listener
INFO: Message from the server OUT in booking_schedule at the port 8003
Feb 28, 2023 8:15:02 PM Server.Servers serve_listener
INFO: Message from the server OUT in list_movie at the port 8003
Feb 28, 2023 8:15:24 PM Server.Servers serve_listener
INFO: Message from the server OUT in booking_schedule at the port 8003
Feb 28, 2023 8:15:58 PM Server.Servers serve_listener
INFO: Message from the server OUT in cancelMovieTickets at the port 8003
Feb 28, 2023 8:15:58 PM Implementation.ImplementationOperations ExchangeMovieShow
INFO: 15 tickets booked for the movie AVATAR-OUTM06032023
Feb 28, 2023 8:15:58 PM Server.Servers serve_listener
INFO: Message from the server OUT in bookMovieTickets at the port 8003
Feb 28, 2023 8:18:16 PM Implementation.ImplementationOperations ExchangeMovieShow
INFO: 15 tickets booked for the movie AVATAR-OUTM06032023
Feb 28, 2023 8:18:16 PM Server.Servers serve_listener
INFO: Message from the server OUT in bookMovieTickets at the port 8003
Feb 28, 2023 8:22:11 PM Server.Servers serve_listener
INFO: Message from the server OUT in booking_schedule at the port 8003
Feb 28, 2023 8:22:13 PM Server.Servers serve_listener
INFO: Message from the server OUT in booking_schedule at the port 8003
Feb 28, 2023 8:22:22 PM Server.Servers serve_listener
INFO: Message from the server OUT in list_movie at the port 8003
Feb 28, 2023 8:22:26 PM Server.Servers serve_listener
INFO: Message from the server OUT in booking_schedule at the port 8003
Feb 28, 2023 8:22:26 PM Server.Servers serve_listener
INFO: Message from the server OUT in cancelMovieTickets at the port 8003
Feb 28, 2023 8:22:26 PM Implementation.ImplementationOperations ExchangeMovieShow
INFO: 15 tickets booked for the movie AVATAR-OUTM06032023
Feb 28, 2023 8:22:26 PM Server.Servers serve_listener
INFO: Message from the server OUT in bookMovieTickets at the port 8003
Feb 28, 2023 8:22:26 PM Implementation.ImplementationOperations ExchangeMovieShow
INFO: 15 tickets booked for the movie AVATAR-OUTM06032023
Feb 28, 2023 8:22:26 PM Server.Servers serve_listener
INFO: Message from the server OUT in bookMovieTickets at the port 8003
Feb 28, 2023 8:23:35 PM Server.Servers serve_listener
INFO: Message from the server OUT in list_movie at the port 8003
Feb 28, 2023 8:31:20 PM Server.Servers serve_listener
INFO: Message from the server OUT in booking_schedule at the port 8003
Feb 28, 2023 8:31:21 PM Server.Servers serve_listener
INFO: Message from the server OUT in booking_schedule at the port 8003
Feb 28, 2023 8:31:29 PM Server.Servers serve_listener
INFO: Message from the server OUT in list_movie at the port 8003
Feb 28, 2023 8:31:35 PM Server.Servers serve_listener
INFO: Message from the server OUT in booking_schedule at the port 8003
Feb 28, 2023 8:31:35 PM Server.Servers serve_listener
INFO: Message from the server OUT in cancelMovieTickets at the port 8003
Feb 28, 2023 8:32:36 PM Server.Servers serve_listener
INFO: Message from the server OUT in booking_schedule at the port 8003
Feb 28, 2023 8:32:50 PM Server.Servers serve_listener
INFO: Message from the server OUT in booking_schedule at the port 8003
Feb 28, 2023 8:33:02 PM Server.Servers serve_listener
INFO: Message from the server OUT in list_movie at the port 8003
Feb 28, 2023 8:33:07 PM Server.Servers serve_listener
INFO: Message from the server OUT in booking_schedule at the port 8003
Feb 28, 2023 8:33:07 PM Server.Servers serve_listener
INFO: Message from the server OUT in cancelMovieTickets at the port 8003
Feb 28, 2023 8:38:51 PM Server.Servers serve_listener
INFO: Message from the server OUT in booking_schedule at the port 8003
Feb 28, 2023 8:38:57 PM Server.Servers serve_listener
INFO: Message from the server OUT in booking_schedule at the port 8003
Feb 28, 2023 8:39:06 PM Server.Servers serve_listener
INFO: Message from the server OUT in list_movie at the port 8003
Feb 28, 2023 8:39:11 PM Server.Servers serve_listener
INFO: Message from the server OUT in booking_schedule at the port 8003
Feb 28, 2023 8:39:11 PM Server.Servers serve_listener
INFO: Message from the server OUT in cancelMovieTickets at the port 8003
Feb 28, 2023 8:39:11 PM Implementation.ImplementationOperations ExchangeMovieShow
INFO: 15 tickets booked for the movie AVATAR-OUTM06032023
Feb 28, 2023 8:39:11 PM Server.Servers serve_listener
INFO: Message from the server OUT in bookMovieTickets at the port 8003
Feb 28, 2023 8:39:11 PM Implementation.ImplementationOperations ExchangeMovieShow
INFO: 15 tickets booked for the movie AVATAR-OUTM06032023
Feb 28, 2023 8:39:11 PM Server.Servers serve_listener
INFO: Message from the server OUT in bookMovieTickets at the port 8003
Feb 28, 2023 8:44:15 PM Server.Servers serve_listener
INFO: Message from the server OUT in booking_schedule at the port 8003
Feb 28, 2023 8:44:33 PM Server.Servers serve_listener
INFO: Message from the server OUT in list_movie at the port 8003
Feb 28, 2023 8:50:26 PM Server.Servers serve_listener
INFO: Message from the server OUT in booking_schedule at the port 8003
Feb 28, 2023 8:50:39 PM Server.Servers serve_listener
INFO: Message from the server OUT in list_movie at the port 8003
Feb 28, 2023 8:50:42 PM Server.Servers serve_listener
INFO: Message from the server OUT in booking_schedule at the port 8003
Feb 28, 2023 8:50:42 PM Server.Servers serve_listener
INFO: Message from the server OUT in cancelMovieTickets at the port 8003
Feb 28, 2023 8:50:43 PM Implementation.ImplementationOperations ExchangeMovieShow
INFO: 0 tickets booked for the movie AVENGER-OUTA01032023
Feb 28, 2023 8:50:43 PM Server.Servers serve_listener
INFO: Message from the server OUT in bookMovieTickets at the port 8003
Feb 28, 2023 8:50:43 PM Implementation.ImplementationOperations ExchangeMovieShow
INFO: 0 tickets booked for the movie AVENGER-OUTA01032023
Feb 28, 2023 8:50:43 PM Server.Servers serve_listener
INFO: Message from the server OUT in bookMovieTickets at the port 8003
Feb 28, 2023 8:50:47 PM Server.Servers serve_listener
INFO: Message from the server OUT in booking_schedule at the port 8003
Feb 28, 2023 8:52:24 PM Server.Servers serve_listener
INFO: Message from the server OUT in booking_schedule at the port 8003
Feb 28, 2023 8:52:32 PM Server.Servers serve_listener
INFO: Message from the server OUT in booking_schedule at the port 8003
Feb 28, 2023 8:52:47 PM Server.Servers serve_listener
INFO: Message from the server OUT in booking_schedule at the port 8003
Feb 28, 2023 9:05:35 PM Server.Servers serve_listener
INFO: Message from the server OUT in booking_schedule at the port 8003
Feb 28, 2023 9:05:44 PM Server.Servers serve_listener
INFO: Message from the server OUT in list_movie at the port 8003
Feb 28, 2023 9:06:56 PM Server.Servers serve_listener
INFO: Message from the server OUT in booking_schedule at the port 8003
Feb 28, 2023 9:06:56 PM Server.Servers serve_listener
INFO: Message from the server OUT in bookMovieTickets at the port 8003
Feb 28, 2023 9:11:44 PM Server.Servers serve_listener
INFO: Message from the server OUT in list_movie at the port 8003
Feb 28, 2023 9:11:53 PM Server.Servers serve_listener
INFO: Message from the server OUT in list_movie at the port 8003
Feb 28, 2023 9:12:00 PM Server.Servers serve_listener
INFO: Message from the server OUT in booking_schedule at the port 8003
Feb 28, 2023 9:12:00 PM Server.Servers serve_listener
INFO: Message from the server OUT in booking_schedule at the port 8003
Feb 28, 2023 9:12:02 PM Server.Servers serve_listener
INFO: Message from the server OUT in booking_schedule at the port 8003
Feb 28, 2023 9:12:06 PM Server.Servers serve_listener
INFO: Message from the server OUT in booking_schedule at the port 8003
Feb 28, 2023 9:12:20 PM Server.Servers serve_listener
INFO: Message from the server OUT in list_movie at the port 8003
Feb 28, 2023 9:12:25 PM Server.Servers serve_listener
INFO: Message from the server OUT in booking_schedule at the port 8003
Feb 28, 2023 9:12:27 PM Server.Servers serve_listener
INFO: Message from the server OUT in booking_schedule at the port 8003
Feb 28, 2023 9:12:53 PM Server.Servers serve_listener
INFO: Message from the server OUT in list_movie at the port 8003
Feb 28, 2023 9:16:55 PM Server.Servers serve_listener
INFO: Message from the server OUT in booking_schedule at the port 8003
Feb 28, 2023 9:16:55 PM Server.Servers serve_listener
INFO: Message from the server OUT in bookMovieTickets at the port 8003
Feb 28, 2023 9:16:58 PM Server.Servers serve_listener
INFO: Message from the server OUT in booking_schedule at the port 8003
Feb 28, 2023 9:17:32 PM Server.Servers serve_listener
INFO: Message from the server OUT in list_movie at the port 8003
Feb 28, 2023 9:17:47 PM Server.Servers serve_listener
INFO: Message from the server OUT in booking_schedule at the port 8003
Feb 28, 2023 9:18:19 PM Server.Servers serve_listener
INFO: Message from the server OUT in list_movie at the port 8003
Feb 28, 2023 9:18:23 PM Server.Servers serve_listener
INFO: Message from the server OUT in booking_schedule at the port 8003
Feb 28, 2023 9:18:23 PM Server.Servers serve_listener
INFO: Message from the server OUT in cancelMovieTickets at the port 8003
Feb 28, 2023 9:18:23 PM Implementation.ImplementationOperations ExchangeMovieShow
INFO: 0 tickets booked for the movie AVATAR-OUTM06032023
Feb 28, 2023 9:18:23 PM Server.Servers serve_listener
INFO: Message from the server OUT in bookMovieTickets at the port 8003
Feb 28, 2023 9:19:01 PM Server.Servers serve_listener
INFO: Message from the server OUT in booking_schedule at the port 8003
Feb 28, 2023 9:20:22 PM Server.Servers serve_listener
INFO: Message from the server OUT in booking_schedule at the port 8003
Feb 28, 2023 9:20:34 PM Server.Servers serve_listener
INFO: Message from the server OUT in list_movie at the port 8003
Feb 28, 2023 9:20:41 PM Server.Servers serve_listener
INFO: Message from the server OUT in booking_schedule at the port 8003
Feb 28, 2023 9:20:41 PM Server.Servers serve_listener
INFO: Message from the server OUT in cancelMovieTickets at the port 8003
Feb 28, 2023 9:20:41 PM Implementation.ImplementationOperations ExchangeMovieShow
INFO: 3 tickets booked for the movie AVATAR-OUTM06032023
Feb 28, 2023 9:20:41 PM Server.Servers serve_listener
INFO: Message from the server OUT in bookMovieTickets at the port 8003
Feb 28, 2023 9:20:41 PM Implementation.ImplementationOperations ExchangeMovieShow
INFO: 3 tickets booked for the movie AVATAR-OUTM06032023
Feb 28, 2023 9:20:41 PM Server.Servers serve_listener
INFO: Message from the server OUT in bookMovieTickets at the port 8003
Feb 28, 2023 9:20:47 PM Server.Servers serve_listener
INFO: Message from the server OUT in list_movie at the port 8003
Feb 28, 2023 9:20:59 PM Server.Servers serve_listener
INFO: Message from the server OUT in booking_schedule at the port 8003
Feb 28, 2023 9:20:59 PM Server.Servers serve_listener
INFO: Message from the server OUT in bookMovieTickets at the port 8003
Feb 28, 2023 9:21:02 PM Server.Servers serve_listener
INFO: Message from the server OUT in booking_schedule at the port 8003
Feb 28, 2023 9:21:10 PM Server.Servers serve_listener
INFO: Message from the server OUT in list_movie at the port 8003
Feb 28, 2023 9:21:13 PM Server.Servers serve_listener
INFO: Message from the server OUT in booking_schedule at the port 8003
Feb 28, 2023 9:21:13 PM Server.Servers serve_listener
INFO: Message from the server OUT in cancelMovieTickets at the port 8003
Feb 28, 2023 9:21:16 PM Server.Servers serve_listener
INFO: Message from the server OUT in booking_schedule at the port 8003
Feb 28, 2023 9:21:19 PM Server.Servers serve_listener
INFO: Message from the server OUT in list_movie at the port 8003
Feb 28, 2023 9:21:36 PM Server.Servers serve_listener
INFO: Message from the server OUT in booking_schedule at the port 8003
Feb 28, 2023 9:21:46 PM Server.Servers serve_listener
INFO: Message from the server OUT in booking_schedule at the port 8003
Feb 28, 2023 9:21:49 PM Server.Servers serve_listener
INFO: Message from the server OUT in list_movie at the port 8003
Mar 01, 2023 12:51:20 PM Server.Servers serve_listener
INFO: Message from the server OUT in booking_schedule at the port 8003
Mar 01, 2023 12:52:16 PM Server.Servers serve_listener
INFO: Message from the server OUT in booking_schedule at the port 8003
Mar 01, 2023 12:52:36 PM Server.Servers serve_listener
INFO: Message from the server OUT in booking_schedule at the port 8003
Mar 01, 2023 12:52:48 PM Server.Servers serve_listener
INFO: Message from the server OUT in list_movie at the port 8003
Mar 01, 2023 12:53:11 PM Server.Servers serve_listener
INFO: Message from the server OUT in booking_schedule at the port 8003
Mar 01, 2023 12:53:11 PM Server.Servers serve_listener
INFO: Message from the server OUT in cancelMovieTickets at the port 8003
Mar 01, 2023 12:53:11 PM Implementation.ImplementationOperations ExchangeMovieShow
INFO: 15 tickets booked for the movie AVATAR-OUTM06032023
Mar 01, 2023 12:53:11 PM Server.Servers serve_listener
INFO: Message from the server OUT in bookMovieTickets at the port 8003
Mar 01, 2023 12:53:11 PM Implementation.ImplementationOperations ExchangeMovieShow
INFO: 15 tickets booked for the movie AVATAR-OUTM06032023
Mar 01, 2023 12:53:11 PM Server.Servers serve_listener
INFO: Message from the server OUT in bookMovieTickets at the port 8003
Mar 01, 2023 12:53:27 PM Server.Servers serve_listener
INFO: Message from the server OUT in booking_schedule at the port 8003
Mar 01, 2023 12:53:43 PM Server.Servers serve_listener
INFO: Message from the server OUT in list_movie at the port 8003
Mar 01, 2023 12:53:57 PM Server.Servers serve_listener
INFO: Message from the server OUT in list_movie at the port 8003
Mar 01, 2023 12:59:36 PM Server.Servers serve_listener
INFO: Message from the server OUT in list_movie at the port 8003
Mar 01, 2023 12:59:45 PM Server.Servers serve_listener
INFO: Message from the server OUT in list_movie at the port 8003
Mar 01, 2023 1:01:19 PM Server.Servers serve_listener
INFO: Message from the server OUT in list_movie at the port 8003
Mar 01, 2023 1:01:48 PM Server.Servers serve_listener
INFO: Message from the server OUT in list_movie at the port 8003
Mar 01, 2023 11:26:37 PM Server.Servers serve_listener
INFO: Message from the server OUT in booking_schedule at the port 8003
Mar 01, 2023 11:26:41 PM Server.Servers serve_listener
INFO: Message from the server OUT in list_movie at the port 8003
Mar 01, 2023 11:26:51 PM Server.Servers serve_listener
INFO: Message from the server OUT in list_movie at the port 8003
Mar 01, 2023 11:26:57 PM Server.Servers serve_listener
INFO: Message from the server OUT in booking_schedule at the port 8003
Mar 01, 2023 11:27:07 PM Server.Servers serve_listener
INFO: Message from the server OUT in list_movie at the port 8003
Mar 01, 2023 11:27:58 PM Server.Servers serve_listener
INFO: Message from the server OUT in booking_schedule at the port 8003
Mar 01, 2023 11:28:22 PM Server.Servers serve_listener
INFO: Message from the server OUT in list_movie at the port 8003
Mar 01, 2023 11:32:11 PM Server.Servers serve_listener
INFO: Message from the server OUT in booking_schedule at the port 8003
Mar 01, 2023 11:32:16 PM Server.Servers serve_listener
INFO: Message from the server OUT in list_movie at the port 8003
Mar 01, 2023 11:32:21 PM Server.Servers serve_listener
INFO: Message from the server OUT in booking_schedule at the port 8003
Mar 01, 2023 11:32:22 PM Server.Servers serve_listener
INFO: Message from the server OUT in booking_schedule at the port 8003
Mar 01, 2023 11:32:38 PM Server.Servers serve_listener
INFO: Message from the server OUT in list_movie at the port 8003
Mar 01, 2023 11:35:19 PM Server.Servers serve_listener
INFO: Message from the server OUT in booking_schedule at the port 8003
Mar 01, 2023 11:35:50 PM Server.Servers serve_listener
INFO: Message from the server OUT in list_movie at the port 8003
Mar 01, 2023 11:37:04 PM Server.Servers serve_listener
INFO: Message from the server OUT in list_movie at the port 8003
Mar 01, 2023 11:37:09 PM Server.Servers serve_listener
INFO: Message from the server OUT in booking_schedule at the port 8003
Mar 02, 2023 12:11:35 AM Server.Servers serve_listener
INFO: Message from the server OUT in list_movie at the port 8003
Mar 02, 2023 12:12:07 AM Server.Servers serve_listener
INFO: Message from the server OUT in list_movie at the port 8003
Mar 02, 2023 12:15:35 AM Server.Servers serve_listener
INFO: Message from the server OUT in booking_schedule at the port 8003
Mar 02, 2023 12:15:44 AM Server.Servers serve_listener
INFO: Message from the server OUT in list_movie at the port 8003
Mar 02, 2023 12:15:49 AM Server.Servers serve_listener
INFO: Message from the server OUT in booking_schedule at the port 8003
Mar 02, 2023 12:15:53 AM Server.Servers serve_listener
INFO: Message from the server OUT in booking_schedule at the port 8003
Mar 02, 2023 12:16:12 AM Server.Servers serve_listener
INFO: Message from the server OUT in list_movie at the port 8003
Mar 02, 2023 12:20:31 AM Server.Servers serve_listener
INFO: Message from the server OUT in booking_schedule at the port 8003
Mar 02, 2023 12:20:39 AM Server.Servers serve_listener
INFO: Message from the server OUT in list_movie at the port 8003
Mar 02, 2023 12:20:41 AM Server.Servers serve_listener
INFO: Message from the server OUT in booking_schedule at the port 8003
Mar 02, 2023 12:20:58 AM Server.Servers serve_listener
INFO: Message from the server OUT in list_movie at the port 8003
Mar 02, 2023 12:20:58 AM Implementation.ImplementationOperations ExchangeMovieShow
INFO: 35 tickets booked for the movie AVENGER-OUTA01032023
Mar 02, 2023 12:20:58 AM Server.Servers serve_listener
INFO: Message from the server OUT in bookMovieTickets at the port 8003
Mar 02, 2023 12:21:27 AM Server.Servers serve_listener
INFO: Message from the server OUT in list_movie at the port 8003
Mar 02, 2023 12:24:21 AM Server.Servers serve_listener
INFO: Message from the server OUT in list_movie at the port 8003
Mar 02, 2023 12:25:48 AM Server.Servers serve_listener
INFO: Message from the server OUT in list_movie at the port 8003
Mar 02, 2023 12:26:19 AM Server.Servers serve_listener
INFO: Message from the server OUT in list_movie at the port 8003
Mar 02, 2023 12:26:43 AM Server.Servers serve_listener
INFO: Message from the server OUT in list_movie at the port 8003
Mar 02, 2023 12:27:03 AM Server.Servers serve_listener
INFO: Message from the server OUT in list_movie at the port 8003
Mar 02, 2023 12:27:36 AM Server.Servers serve_listener
INFO: Message from the server OUT in booking_schedule at the port 8003
Mar 02, 2023 12:32:42 AM Server.Servers serve_listener
INFO: Message from the server OUT in list_movie at the port 8003
Mar 02, 2023 12:38:39 AM Server.Servers serve_listener
INFO: Message from the server OUT in list_movie at the port 8003
Mar 02, 2023 12:38:49 AM Server.Servers serve_listener
INFO: Message from the server OUT in booking_schedule at the port 8003
Mar 02, 2023 12:40:33 AM Server.Servers serve_listener
INFO: Message from the server OUT in booking_schedule at the port 8003
Mar 02, 2023 12:40:37 AM Server.Servers serve_listener
INFO: Message from the server OUT in list_movie at the port 8003
Mar 02, 2023 12:40:49 AM Server.Servers serve_listener
INFO: Message from the server OUT in booking_schedule at the port 8003
Mar 02, 2023 12:40:57 AM Server.Servers serve_listener
INFO: Message from the server OUT in list_movie at the port 8003
