Feb 24, 2023 12:54:15 PM Implementation.ImplementationOperations listMovieShowsAvailability
INFO: List of movie shows has been shown.
Feb 24, 2023 12:57:46 PM Implementation.ImplementationOperations listMovieShowsAvailability
INFO: List of movie shows has been shown.
Feb 24, 2023 1:10:40 PM Implementation.ImplementationOperations listMovieShowsAvailability
INFO: List of movie shows has been shown.
Feb 24, 2023 1:22:28 PM Implementation.ImplementationOperations listMovieShowsAvailability
INFO: List of movie shows has been shown.
Feb 24, 2023 1:24:34 PM Implementation.ImplementationOperations listMovieShowsAvailability
INFO: List of movie shows has been shown.
Feb 24, 2023 1:27:08 PM Implementation.ImplementationOperations listMovieShowsAvailability
INFO: List of movie shows has been shown.
Feb 24, 2023 1:27:40 PM Implementation.ImplementationOperations listMovieShowsAvailability
INFO: List of movie shows has been shown.
Feb 24, 2023 1:28:09 PM Implementation.ImplementationOperations listMovieShowsAvailability
INFO: List of movie shows has been shown.
Feb 24, 2023 1:28:32 PM Implementation.ImplementationOperations listMovieShowsAvailability
INFO: List of movie shows has been shown.
Feb 24, 2023 1:36:55 PM Implementation.ImplementationOperations listMovieShowsAvailability
INFO: List of movie shows has been shown.
Feb 24, 2023 1:37:10 PM Implementation.ImplementationOperations listMovieShowsAvailability
INFO: List of movie shows has been shown.
Feb 24, 2023 1:41:41 PM Implementation.ImplementationOperations listMovieShowsAvailability
INFO: List of movie shows has been shown.
Feb 24, 2023 1:42:14 PM Implementation.ImplementationOperations listMovieShowsAvailability
INFO: List of movie shows has been shown.
Feb 24, 2023 1:42:24 PM Implementation.ImplementationOperations listMovieShowsAvailability
INFO: List of movie shows has been shown.
Feb 24, 2023 1:42:29 PM Server.Servers serve_listener
INFO: Message from the server ATW in booking_schedule at the port 8001
Feb 24, 2023 1:42:38 PM Implementation.ImplementationOperations listMovieShowsAvailability
INFO: List of movie shows has been shown.
Feb 24, 2023 1:42:54 PM Implementation.ImplementationOperations listMovieShowsAvailability
INFO: List of movie shows has been shown.
Feb 24, 2023 1:42:59 PM Server.Servers serve_listener
INFO: Message from the server ATW in booking_schedule at the port 8001
Feb 24, 2023 1:43:06 PM Implementation.ImplementationOperations listMovieShowsAvailability
INFO: List of movie shows has been shown.
Feb 24, 2023 1:43:08 PM Server.Servers serve_listener
INFO: Message from the server ATW in booking_schedule at the port 8001
Feb 24, 2023 1:43:13 PM Implementation.ImplementationOperations listMovieShowsAvailability
INFO: List of movie shows has been shown.
Feb 24, 2023 1:43:18 PM Server.Servers serve_listener
INFO: Message from the server ATW in booking_schedule at the port 8001
Feb 24, 2023 1:44:14 PM Implementation.ImplementationOperations listMovieShowsAvailability
INFO: List of movie shows has been shown.
Feb 24, 2023 1:47:40 PM Implementation.ImplementationOperations listMovieShowsAvailability
INFO: List of movie shows has been shown.
Feb 24, 2023 1:47:53 PM Implementation.ImplementationOperations listMovieShowsAvailability
INFO: List of movie shows has been shown.
Feb 24, 2023 1:47:57 PM Server.Servers serve_listener
INFO: Message from the server ATW in booking_schedule at the port 8001
Feb 24, 2023 1:50:07 PM Implementation.ImplementationOperations listMovieShowsAvailability
INFO: List of movie shows has been shown.
Feb 24, 2023 1:51:32 PM Implementation.ImplementationOperations listMovieShowsAvailability
INFO: List of movie shows has been shown.
Feb 24, 2023 1:51:39 PM Implementation.ImplementationOperations listMovieShowsAvailability
INFO: List of movie shows has been shown.
Feb 24, 2023 1:51:41 PM Server.Servers serve_listener
INFO: Message from the server ATW in booking_schedule at the port 8001
Feb 24, 2023 1:51:52 PM Implementation.ImplementationOperations listMovieShowsAvailability
INFO: List of movie shows has been shown.
Feb 24, 2023 1:52:22 PM Implementation.ImplementationOperations listMovieShowsAvailability
INFO: List of movie shows has been shown.
Feb 27, 2023 3:06:06 PM Implementation.ImplementationOperations listMovieShowsAvailability
INFO: List of movie shows has been shown.
Feb 28, 2023 3:17:32 PM Implementation.ImplementationOperations listMovieShowsAvailability
INFO: List of movie shows has been shown.
Feb 28, 2023 3:29:21 PM Implementation.ImplementationOperations listMovieShowsAvailability
INFO: List of movie shows has been shown.
Feb 28, 2023 3:34:27 PM Implementation.ImplementationOperations listMovieShowsAvailability
INFO: List of movie shows has been shown.
Feb 28, 2023 3:36:03 PM Implementation.ImplementationOperations listMovieShowsAvailability
INFO: List of movie shows has been shown.
Feb 28, 2023 3:36:33 PM Implementation.ImplementationOperations listMovieShowsAvailability
INFO: List of movie shows has been shown.
Feb 28, 2023 3:39:25 PM Server.Servers serve_listener
INFO: Message from the server ATW in booking_schedule at the port 8001
Feb 28, 2023 3:39:57 PM Server.Servers serve_listener
INFO: Message from the server ATW in list_movie at the port 8001
Feb 28, 2023 3:40:01 PM Server.Servers serve_listener
INFO: Message from the server ATW in booking_schedule at the port 8001
Feb 28, 2023 3:40:05 PM Server.Servers serve_listener
INFO: Message from the server ATW in booking_schedule at the port 8001
Feb 28, 2023 3:40:10 PM Server.Servers serve_listener
INFO: Message from the server ATW in booking_schedule at the port 8001
Feb 28, 2023 3:40:18 PM Server.Servers serve_listener
INFO: Message from the server ATW in list_movie at the port 8001
Feb 28, 2023 3:40:44 PM Server.Servers serve_listener
INFO: Message from the server ATW in booking_schedule at the port 8001
Feb 28, 2023 3:40:51 PM Server.Servers serve_listener
INFO: Message from the server ATW in list_movie at the port 8001
Feb 28, 2023 3:40:55 PM Server.Servers serve_listener
INFO: Message from the server ATW in booking_schedule at the port 8001
Feb 28, 2023 3:41:42 PM Server.Servers serve_listener
INFO: Message from the server ATW in list_movie at the port 8001
Feb 28, 2023 3:46:20 PM Server.Servers serve_listener
INFO: Message from the server ATW in booking_schedule at the port 8001
Feb 28, 2023 3:46:25 PM Server.Servers serve_listener
INFO: Message from the server ATW in list_movie at the port 8001
Feb 28, 2023 3:46:32 PM Server.Servers serve_listener
INFO: Message from the server ATW in booking_schedule at the port 8001
Feb 28, 2023 3:48:07 PM Server.Servers serve_listener
INFO: Message from the server ATW in booking_schedule at the port 8001
Feb 28, 2023 3:48:13 PM Server.Servers serve_listener
INFO: Message from the server ATW in list_movie at the port 8001
Feb 28, 2023 3:48:29 PM Server.Servers serve_listener
INFO: Message from the server ATW in list_movie at the port 8001
Feb 28, 2023 3:48:35 PM Server.Servers serve_listener
INFO: Message from the server ATW in booking_schedule at the port 8001
Feb 28, 2023 3:48:39 PM Server.Servers serve_listener
INFO: Message from the server ATW in booking_schedule at the port 8001
Feb 28, 2023 3:48:47 PM Server.Servers serve_listener
INFO: Message from the server ATW in list_movie at the port 8001
Feb 28, 2023 3:48:57 PM Server.Servers serve_listener
INFO: Message from the server ATW in booking_schedule at the port 8001
Feb 28, 2023 3:50:08 PM Server.Servers serve_listener
INFO: Message from the server ATW in booking_schedule at the port 8001
Feb 28, 2023 3:50:19 PM Server.Servers serve_listener
INFO: Message from the server ATW in list_movie at the port 8001
Feb 28, 2023 4:14:43 PM Server.Servers serve_listener
INFO: Message from the server ATW in booking_schedule at the port 8001
Feb 28, 2023 4:14:50 PM Server.Servers serve_listener
INFO: Message from the server ATW in list_movie at the port 8001
Feb 28, 2023 4:14:59 PM Server.Servers serve_listener
INFO: Message from the server ATW in booking_schedule at the port 8001
Feb 28, 2023 4:15:01 PM Server.Servers serve_listener
INFO: Message from the server ATW in booking_schedule at the port 8001
Feb 28, 2023 4:15:04 PM Server.Servers serve_listener
INFO: Message from the server ATW in booking_schedule at the port 8001
Feb 28, 2023 4:15:12 PM Server.Servers serve_listener
INFO: Message from the server ATW in list_movie at the port 8001
Feb 28, 2023 4:15:16 PM Server.Servers serve_listener
INFO: Message from the server ATW in booking_schedule at the port 8001
Feb 28, 2023 4:16:06 PM Server.Servers serve_listener
INFO: Message from the server ATW in booking_schedule at the port 8001
Feb 28, 2023 4:16:12 PM Server.Servers serve_listener
INFO: Message from the server ATW in list_movie at the port 8001
Feb 28, 2023 4:16:21 PM Server.Servers serve_listener
INFO: Message from the server ATW in booking_schedule at the port 8001
Feb 28, 2023 4:16:27 PM Server.Servers serve_listener
INFO: Message from the server ATW in list_movie at the port 8001
Feb 28, 2023 4:19:19 PM Server.Servers serve_listener
INFO: Message from the server ATW in booking_schedule at the port 8001
Feb 28, 2023 4:19:24 PM Server.Servers serve_listener
INFO: Message from the server ATW in list_movie at the port 8001
Feb 28, 2023 4:19:35 PM Server.Servers serve_listener
INFO: Message from the server ATW in booking_schedule at the port 8001
Feb 28, 2023 4:19:37 PM Server.Servers serve_listener
INFO: Message from the server ATW in booking_schedule at the port 8001
Feb 28, 2023 4:19:41 PM Server.Servers serve_listener
INFO: Message from the server ATW in booking_schedule at the port 8001
Feb 28, 2023 4:19:49 PM Server.Servers serve_listener
INFO: Message from the server ATW in list_movie at the port 8001
Feb 28, 2023 4:20:00 PM Server.Servers serve_listener
INFO: Message from the server ATW in booking_schedule at the port 8001
Feb 28, 2023 4:21:27 PM Server.Servers serve_listener
INFO: Message from the server ATW in booking_schedule at the port 8001
Feb 28, 2023 4:21:39 PM Server.Servers serve_listener
INFO: Message from the server ATW in booking_schedule at the port 8001
Feb 28, 2023 4:21:44 PM Server.Servers serve_listener
INFO: Message from the server ATW in booking_schedule at the port 8001
Feb 28, 2023 4:21:57 PM Server.Servers serve_listener
INFO: Message from the server ATW in booking_schedule at the port 8001
Feb 28, 2023 4:22:06 PM Server.Servers serve_listener
INFO: Message from the server ATW in list_movie at the port 8001
Feb 28, 2023 4:22:41 PM Server.Servers serve_listener
INFO: Message from the server ATW in booking_schedule at the port 8001
Feb 28, 2023 4:23:02 PM Server.Servers serve_listener
INFO: Message from the server ATW in booking_schedule at the port 8001
Feb 28, 2023 4:23:07 PM Server.Servers serve_listener
INFO: Message from the server ATW in list_movie at the port 8001
Feb 28, 2023 4:23:10 PM Server.Servers serve_listener
INFO: Message from the server ATW in booking_schedule at the port 8001
Feb 28, 2023 4:23:19 PM Server.Servers serve_listener
INFO: Message from the server ATW in list_movie at the port 8001
Feb 28, 2023 4:23:31 PM Server.Servers serve_listener
INFO: Message from the server ATW in booking_schedule at the port 8001
Feb 28, 2023 4:23:40 PM Server.Servers serve_listener
INFO: Message from the server ATW in list_movie at the port 8001
Feb 28, 2023 4:23:51 PM Server.Servers serve_listener
INFO: Message from the server ATW in booking_schedule at the port 8001
Feb 28, 2023 4:23:59 PM Server.Servers serve_listener
INFO: Message from the server ATW in booking_schedule at the port 8001
Feb 28, 2023 4:24:08 PM Server.Servers serve_listener
INFO: Message from the server ATW in list_movie at the port 8001
Feb 28, 2023 4:24:11 PM Server.Servers serve_listener
INFO: Message from the server ATW in booking_schedule at the port 8001
Feb 28, 2023 4:24:17 PM Server.Servers serve_listener
INFO: Message from the server ATW in list_movie at the port 8001
Feb 28, 2023 4:24:27 PM Server.Servers serve_listener
INFO: Message from the server ATW in list_movie at the port 8001
Feb 28, 2023 4:24:30 PM Server.Servers serve_listener
INFO: Message from the server ATW in booking_schedule at the port 8001
Feb 28, 2023 4:24:31 PM Server.Servers serve_listener
INFO: Message from the server ATW in booking_schedule at the port 8001
Feb 28, 2023 4:27:21 PM Server.Servers serve_listener
INFO: Message from the server ATW in booking_schedule at the port 8001
Feb 28, 2023 4:27:25 PM Server.Servers serve_listener
INFO: Message from the server ATW in list_movie at the port 8001
Feb 28, 2023 4:27:30 PM Server.Servers serve_listener
INFO: Message from the server ATW in booking_schedule at the port 8001
Feb 28, 2023 4:27:32 PM Server.Servers serve_listener
INFO: Message from the server ATW in booking_schedule at the port 8001
Feb 28, 2023 4:27:42 PM Server.Servers serve_listener
INFO: Message from the server ATW in booking_schedule at the port 8001
Feb 28, 2023 4:28:41 PM Server.Servers serve_listener
INFO: Message from the server ATW in booking_schedule at the port 8001
Feb 28, 2023 4:28:49 PM Server.Servers serve_listener
INFO: Message from the server ATW in list_movie at the port 8001
Feb 28, 2023 4:28:54 PM Server.Servers serve_listener
INFO: Message from the server ATW in booking_schedule at the port 8001
Feb 28, 2023 4:28:57 PM Server.Servers serve_listener
INFO: Message from the server ATW in booking_schedule at the port 8001
Feb 28, 2023 4:29:06 PM Server.Servers serve_listener
INFO: Message from the server ATW in booking_schedule at the port 8001
Feb 28, 2023 4:29:13 PM Server.Servers serve_listener
INFO: Message from the server ATW in list_movie at the port 8001
Feb 28, 2023 4:29:18 PM Server.Servers serve_listener
INFO: Message from the server ATW in booking_schedule at the port 8001
Feb 28, 2023 4:29:21 PM Server.Servers serve_listener
INFO: Message from the server ATW in booking_schedule at the port 8001
Feb 28, 2023 4:29:27 PM Server.Servers serve_listener
INFO: Message from the server ATW in list_movie at the port 8001
Feb 28, 2023 4:48:46 PM Implementation.ImplementationOperations listMovieShowsAvailability
INFO: List of movie shows has been shown.
Feb 28, 2023 4:52:36 PM Implementation.ImplementationOperations listMovieShowsAvailability
INFO: List of movie shows has been shown.
Feb 28, 2023 4:52:55 PM Implementation.ImplementationOperations listMovieShowsAvailability
INFO: List of movie shows has been shown.
Feb 28, 2023 4:53:09 PM Implementation.ImplementationOperations listMovieShowsAvailability
INFO: List of movie shows has been shown.
Feb 28, 2023 4:54:27 PM Implementation.ImplementationOperations listMovieShowsAvailability
INFO: List of movie shows has been shown.
Feb 28, 2023 5:01:23 PM Implementation.ImplementationOperations listMovieShowsAvailability
INFO: List of movie shows has been shown.
Feb 28, 2023 5:01:38 PM Implementation.ImplementationOperations listMovieShowsAvailability
INFO: List of movie shows has been shown.
Feb 28, 2023 5:10:42 PM Implementation.ImplementationOperations listMovieShowsAvailability
INFO: List of movie shows has been shown.
Feb 28, 2023 5:26:34 PM Implementation.ImplementationOperations listMovieShowsAvailability
INFO: List of movie shows has been shown.
Feb 28, 2023 5:26:43 PM Implementation.ImplementationOperations listMovieShowsAvailability
INFO: List of movie shows has been shown.
Feb 28, 2023 5:35:59 PM Implementation.ImplementationOperations listMovieShowsAvailability
INFO: List of movie shows has been shown.
Feb 28, 2023 5:36:11 PM Implementation.ImplementationOperations listMovieShowsAvailability
INFO: List of movie shows has been shown.
Feb 28, 2023 5:37:02 PM Implementation.ImplementationOperations listMovieShowsAvailability
INFO: List of movie shows has been shown.
Feb 28, 2023 5:37:18 PM Implementation.ImplementationOperations listMovieShowsAvailability
INFO: List of movie shows has been shown.
Feb 28, 2023 5:38:30 PM Implementation.ImplementationOperations listMovieShowsAvailability
INFO: List of movie shows has been shown.
Feb 28, 2023 5:38:40 PM Implementation.ImplementationOperations listMovieShowsAvailability
INFO: List of movie shows has been shown.
Feb 28, 2023 5:39:12 PM Implementation.ImplementationOperations listMovieShowsAvailability
INFO: List of movie shows has been shown.
Feb 28, 2023 5:39:39 PM Implementation.ImplementationOperations listMovieShowsAvailability
INFO: List of movie shows has been shown.
Feb 28, 2023 5:46:08 PM Implementation.ImplementationOperations listMovieShowsAvailability
INFO: List of movie shows has been shown.
Feb 28, 2023 5:46:17 PM Implementation.ImplementationOperations listMovieShowsAvailability
INFO: List of movie shows has been shown.
Feb 28, 2023 7:53:40 PM Implementation.ImplementationOperations listMovieShowsAvailability
INFO: List of movie shows has been shown.
Feb 28, 2023 7:53:50 PM Implementation.ImplementationOperations listMovieShowsAvailability
INFO: List of movie shows has been shown.
Feb 28, 2023 8:15:02 PM Implementation.ImplementationOperations listMovieShowsAvailability
INFO: List of movie shows has been shown.
Feb 28, 2023 8:22:22 PM Implementation.ImplementationOperations listMovieShowsAvailability
INFO: List of movie shows has been shown.
Feb 28, 2023 8:23:35 PM Implementation.ImplementationOperations listMovieShowsAvailability
INFO: List of movie shows has been shown.
Feb 28, 2023 8:31:29 PM Implementation.ImplementationOperations listMovieShowsAvailability
INFO: List of movie shows has been shown.
Feb 28, 2023 8:33:02 PM Implementation.ImplementationOperations listMovieShowsAvailability
INFO: List of movie shows has been shown.
Feb 28, 2023 8:39:06 PM Implementation.ImplementationOperations listMovieShowsAvailability
INFO: List of movie shows has been shown.
Feb 28, 2023 8:44:33 PM Implementation.ImplementationOperations listMovieShowsAvailability
INFO: List of movie shows has been shown.
Feb 28, 2023 8:50:39 PM Implementation.ImplementationOperations listMovieShowsAvailability
INFO: List of movie shows has been shown.
Feb 28, 2023 9:05:44 PM Implementation.ImplementationOperations listMovieShowsAvailability
INFO: List of movie shows has been shown.
Feb 28, 2023 9:11:44 PM Implementation.ImplementationOperations listMovieShowsAvailability
INFO: List of movie shows has been shown.
Feb 28, 2023 9:11:53 PM Implementation.ImplementationOperations listMovieShowsAvailability
INFO: List of movie shows has been shown.
Feb 28, 2023 9:12:00 PM Server.Servers serve_listener
INFO: Message from the server ATW in booking_schedule at the port 8001
Feb 28, 2023 9:12:20 PM Implementation.ImplementationOperations listMovieShowsAvailability
INFO: List of movie shows has been shown.
Feb 28, 2023 9:12:53 PM Implementation.ImplementationOperations listMovieShowsAvailability
INFO: List of movie shows has been shown.
Feb 28, 2023 9:17:32 PM Implementation.ImplementationOperations listMovieShowsAvailability
INFO: List of movie shows has been shown.
Feb 28, 2023 9:18:19 PM Implementation.ImplementationOperations listMovieShowsAvailability
INFO: List of movie shows has been shown.
Feb 28, 2023 9:20:34 PM Implementation.ImplementationOperations listMovieShowsAvailability
INFO: List of movie shows has been shown.
Feb 28, 2023 9:20:47 PM Implementation.ImplementationOperations listMovieShowsAvailability
INFO: List of movie shows has been shown.
Feb 28, 2023 9:21:10 PM Implementation.ImplementationOperations listMovieShowsAvailability
INFO: List of movie shows has been shown.
Feb 28, 2023 9:21:19 PM Implementation.ImplementationOperations listMovieShowsAvailability
INFO: List of movie shows has been shown.
Feb 28, 2023 9:21:49 PM Implementation.ImplementationOperations listMovieShowsAvailability
INFO: List of movie shows has been shown.
Mar 01, 2023 12:52:48 PM Implementation.ImplementationOperations listMovieShowsAvailability
INFO: List of movie shows has been shown.
Mar 01, 2023 12:53:43 PM Implementation.ImplementationOperations listMovieShowsAvailability
INFO: List of movie shows has been shown.
Mar 01, 2023 12:53:57 PM Implementation.ImplementationOperations listMovieShowsAvailability
INFO: List of movie shows has been shown.
Mar 01, 2023 12:59:36 PM Implementation.ImplementationOperations listMovieShowsAvailability
INFO: List of movie shows has been shown.
Mar 01, 2023 12:59:45 PM Implementation.ImplementationOperations listMovieShowsAvailability
INFO: List of movie shows has been shown.
Mar 01, 2023 1:01:19 PM Implementation.ImplementationOperations listMovieShowsAvailability
INFO: List of movie shows has been shown.
Mar 01, 2023 1:01:43 PM Implementation.ImplementationOperations removeMovieSlots
INFO: Movie slot for TITANIC has been removed
Mar 01, 2023 1:01:48 PM Implementation.ImplementationOperations listMovieShowsAvailability
INFO: List of movie shows has been shown.
Mar 01, 2023 11:26:41 PM Implementation.ImplementationOperations listMovieShowsAvailability
INFO: List of movie shows has been shown.
Mar 01, 2023 11:26:51 PM Implementation.ImplementationOperations listMovieShowsAvailability
INFO: List of movie shows has been shown.
Mar 01, 2023 11:26:57 PM Implementation.ImplementationOperations bookMovieTickets
INFO: 30 tickets booked for the movie AVENGER-ATWE08032023
Mar 01, 2023 11:27:07 PM Implementation.ImplementationOperations listMovieShowsAvailability
INFO: List of movie shows has been shown.
Mar 01, 2023 11:28:22 PM Implementation.ImplementationOperations listMovieShowsAvailability
INFO: List of movie shows has been shown.
Mar 01, 2023 11:28:55 PM Implementation.ImplementationOperations removeMovieSlots
INFO: Movie slot for AVENGER has been removed
Mar 01, 2023 11:32:16 PM Implementation.ImplementationOperations listMovieShowsAvailability
INFO: List of movie shows has been shown.
Mar 01, 2023 11:32:21 PM Implementation.ImplementationOperations bookMovieTickets
INFO: 20 tickets booked for the movie AVENGER-ATWE08032023
Mar 01, 2023 11:32:38 PM Implementation.ImplementationOperations listMovieShowsAvailability
INFO: List of movie shows has been shown.
Mar 01, 2023 11:32:57 PM Implementation.ImplementationOperations removeMovieSlots
INFO: Movie slot for AVENGER has been removed
Mar 01, 2023 11:35:50 PM Implementation.ImplementationOperations listMovieShowsAvailability
INFO: List of movie shows has been shown.
Mar 01, 2023 11:36:05 PM Implementation.ImplementationOperations removeMovieSlots
INFO: Movie slot for AVENGER has been removed
Mar 01, 2023 11:37:04 PM Implementation.ImplementationOperations listMovieShowsAvailability
INFO: List of movie shows has been shown.
Mar 01, 2023 11:37:09 PM Implementation.ImplementationOperations bookMovieTickets
INFO: 20 tickets booked for the movie AVENGER-ATWE08032023
Mar 01, 2023 11:37:25 PM Implementation.ImplementationOperations removeMovieSlots
INFO: Movie slot for AVENGER has been removed
Mar 02, 2023 12:11:35 AM Implementation.ImplementationOperations listMovieShowsAvailability
INFO: List of movie shows has been shown.
Mar 02, 2023 12:12:07 AM Implementation.ImplementationOperations listMovieShowsAvailability
INFO: List of movie shows has been shown.
Mar 02, 2023 12:15:44 AM Implementation.ImplementationOperations listMovieShowsAvailability
INFO: List of movie shows has been shown.
Mar 02, 2023 12:15:49 AM Implementation.ImplementationOperations bookMovieTickets
INFO: 20 tickets booked for the movie AVENGER-ATWM09032023
Mar 02, 2023 12:16:12 AM Implementation.ImplementationOperations listMovieShowsAvailability
INFO: List of movie shows has been shown.
Mar 02, 2023 12:20:39 AM Implementation.ImplementationOperations listMovieShowsAvailability
INFO: List of movie shows has been shown.
Mar 02, 2023 12:20:41 AM Implementation.ImplementationOperations bookMovieTickets
INFO: 20 tickets booked for the movie AVENGER-ATWM09032023
Mar 02, 2023 12:20:58 AM Implementation.ImplementationOperations listMovieShowsAvailability
INFO: List of movie shows has been shown.
Mar 02, 2023 12:20:58 AM Implementation.ImplementationOperations removeMovieSlots
INFO: Movie slot for AVENGER has been removed
Mar 02, 2023 12:21:27 AM Implementation.ImplementationOperations listMovieShowsAvailability
INFO: List of movie shows has been shown.
Mar 02, 2023 12:24:21 AM Implementation.ImplementationOperations listMovieShowsAvailability
INFO: List of movie shows has been shown.
Mar 02, 2023 12:25:48 AM Implementation.ImplementationOperations listMovieShowsAvailability
INFO: List of movie shows has been shown.
Mar 02, 2023 12:26:19 AM Implementation.ImplementationOperations listMovieShowsAvailability
INFO: List of movie shows has been shown.
Mar 02, 2023 12:26:44 AM Implementation.ImplementationOperations listMovieShowsAvailability
INFO: List of movie shows has been shown.
Mar 02, 2023 12:26:44 AM Implementation.ImplementationOperations ExchangeMovieShow
INFO: 15 tickets booked for the movie AVENGER-ATWE08032023
Mar 02, 2023 12:26:44 AM Implementation.ImplementationOperations removeMovieSlots
INFO: Movie slot for AVENGER has been removed
Mar 02, 2023 12:27:03 AM Implementation.ImplementationOperations listMovieShowsAvailability
INFO: List of movie shows has been shown.
Mar 02, 2023 12:32:42 AM Implementation.ImplementationOperations listMovieShowsAvailability
INFO: List of movie shows has been shown.
Mar 02, 2023 12:38:39 AM Implementation.ImplementationOperations listMovieShowsAvailability
INFO: List of movie shows has been shown.
Mar 02, 2023 12:40:37 AM Implementation.ImplementationOperations listMovieShowsAvailability
INFO: List of movie shows has been shown.
Mar 02, 2023 12:40:37 AM Implementation.ImplementationOperations ExchangeMovieShow
INFO: 15 tickets booked for the movie AVENGER-ATWE08032023
Mar 02, 2023 12:40:37 AM Implementation.ImplementationOperations removeMovieSlots
INFO: Movie slot for AVENGER has been removed
Mar 02, 2023 12:40:57 AM Implementation.ImplementationOperations listMovieShowsAvailability
INFO: List of movie shows has been shown.
Mar 03, 2023 12:28:25 PM Implementation.ImplementationOperations listMovieShowsAvailability
INFO: List of movie shows has been shown.
Mar 03, 2023 12:28:37 PM Implementation.ImplementationOperations listMovieShowsAvailability
INFO: List of movie shows has been shown.
Mar 03, 2023 12:28:44 PM Implementation.ImplementationOperations bookMovieTickets
INFO: 30 tickets booked for the movie AVENGER-ATWE08032023
Mar 03, 2023 12:29:20 PM Implementation.ImplementationOperations listMovieShowsAvailability
INFO: List of movie shows has been shown.
Mar 03, 2023 12:29:31 PM Implementation.ImplementationOperations removeMovieSlots
INFO: No movie slot found for the movie AVEGER at ATW region
Mar 03, 2023 12:29:51 PM Implementation.ImplementationOperations removeMovieSlots
INFO: No movie slot found for the movie AVNEGER at ATW region
Mar 03, 2023 12:29:59 PM Implementation.ImplementationOperations listMovieShowsAvailability
INFO: List of movie shows has been shown.
Mar 03, 2023 12:29:59 PM Implementation.ImplementationOperations ExchangeMovieShow
INFO: 15 tickets booked for the movie AVENGER-ATWE08032023
Mar 03, 2023 12:29:59 PM Implementation.ImplementationOperations removeMovieSlots
INFO: Movie slot for AVENGER has been removed
Mar 03, 2023 12:30:17 PM Implementation.ImplementationOperations listMovieShowsAvailability
INFO: List of movie shows has been shown.
Mar 03, 2023 12:31:39 PM Implementation.ImplementationOperations listMovieShowsAvailability
INFO: List of movie shows has been shown.
Mar 03, 2023 12:31:39 PM Implementation.ImplementationOperations removeMovieSlots
INFO: Movie slot for AVENGER has been removed
Mar 03, 2023 12:32:08 PM Implementation.ImplementationOperations listMovieShowsAvailability
INFO: List of movie shows has been shown.
Mar 03, 2023 12:34:33 PM Implementation.ImplementationOperations listMovieShowsAvailability
INFO: List of movie shows has been shown.
Mar 03, 2023 12:54:13 PM Implementation.ImplementationOperations listMovieShowsAvailability
INFO: List of movie shows has been shown.
Mar 03, 2023 12:57:38 PM Implementation.ImplementationOperations listMovieShowsAvailability
INFO: List of movie shows has been shown.
Mar 03, 2023 12:59:00 PM Implementation.ImplementationOperations listMovieShowsAvailability
INFO: List of movie shows has been shown.
Mar 03, 2023 1:00:49 PM Implementation.ImplementationOperations listMovieShowsAvailability
INFO: List of movie shows has been shown.
Mar 03, 2023 1:05:42 PM Implementation.ImplementationOperations listMovieShowsAvailability
INFO: List of movie shows has been shown.
Mar 03, 2023 1:06:23 PM Implementation.ImplementationOperations listMovieShowsAvailability
INFO: List of movie shows has been shown.
Mar 03, 2023 1:06:54 PM Implementation.ImplementationOperations listMovieShowsAvailability
INFO: List of movie shows has been shown.
Mar 03, 2023 1:07:14 PM Implementation.ImplementationOperations listMovieShowsAvailability
INFO: List of movie shows has been shown.
Mar 03, 2023 1:25:53 PM Implementation.ImplementationOperations listMovieShowsAvailability
INFO: List of movie shows has been shown.
Mar 03, 2023 1:34:41 PM Implementation.ImplementationOperations listMovieShowsAvailability
INFO: List of movie shows has been shown.
Mar 03, 2023 1:34:54 PM Implementation.ImplementationOperations listMovieShowsAvailability
INFO: List of movie shows has been shown.
Mar 03, 2023 1:35:02 PM Server.Servers serve_listener
INFO: Message from the server ATW in booking_schedule at the port 8001
Mar 03, 2023 1:35:08 PM Implementation.ImplementationOperations listMovieShowsAvailability
INFO: List of movie shows has been shown.
Mar 03, 2023 1:35:35 PM Implementation.ImplementationOperations listMovieShowsAvailability
INFO: List of movie shows has been shown.
Mar 03, 2023 1:35:44 PM Implementation.ImplementationOperations listMovieShowsAvailability
INFO: List of movie shows has been shown.
Mar 03, 2023 1:35:58 PM Server.Servers serve_listener
INFO: Message from the server ATW in booking_schedule at the port 8001
Mar 03, 2023 1:36:08 PM Implementation.ImplementationOperations listMovieShowsAvailability
INFO: List of movie shows has been shown.
Mar 03, 2023 1:36:14 PM Server.Servers serve_listener
INFO: Message from the server ATW in booking_schedule at the port 8001
Mar 03, 2023 1:36:21 PM Implementation.ImplementationOperations listMovieShowsAvailability
INFO: List of movie shows has been shown.
Mar 03, 2023 1:36:23 PM Server.Servers serve_listener
INFO: Message from the server ATW in booking_schedule at the port 8001
Mar 03, 2023 1:36:29 PM Implementation.ImplementationOperations listMovieShowsAvailability
INFO: List of movie shows has been shown.
Mar 03, 2023 1:36:31 PM Server.Servers serve_listener
INFO: Message from the server ATW in booking_schedule at the port 8001
Mar 03, 2023 1:36:41 PM Implementation.ImplementationOperations listMovieShowsAvailability
INFO: List of movie shows has been shown.
Mar 03, 2023 1:36:51 PM Implementation.ImplementationOperations listMovieShowsAvailability
INFO: List of movie shows has been shown.
Mar 03, 2023 1:36:55 PM Server.Servers serve_listener
INFO: Message from the server ATW in booking_schedule at the port 8001
Mar 03, 2023 1:37:29 PM Implementation.ImplementationOperations listMovieShowsAvailability
INFO: List of movie shows has been shown.
Mar 03, 2023 1:37:44 PM Implementation.ImplementationOperations listMovieShowsAvailability
INFO: List of movie shows has been shown.
Mar 06, 2023 9:38:28 AM Implementation.ImplementationOperations listMovieShowsAvailability
INFO: List of movie shows has been shown.
Mar 06, 2023 9:39:12 AM Implementation.ImplementationOperations listMovieShowsAvailability
INFO: List of movie shows has been shown.
Mar 06, 2023 9:39:23 AM Implementation.ImplementationOperations listMovieShowsAvailability
INFO: List of movie shows has been shown.
Mar 06, 2023 9:39:23 AM Implementation.ImplementationOperations removeMovieSlots
INFO: Movie slot for AVENGER has been removed
Mar 06, 2023 9:41:31 AM Implementation.ImplementationOperations listMovieShowsAvailability
INFO: List of movie shows has been shown.
Mar 06, 2023 2:24:19 PM Implementation.ImplementationOperations listMovieShowsAvailability
INFO: List of movie shows has been shown.
Mar 06, 2023 2:24:28 PM Implementation.ImplementationOperations listMovieShowsAvailability
INFO: List of movie shows has been shown.
Mar 06, 2023 2:24:28 PM Implementation.ImplementationOperations ExchangeMovieShow
INFO: 15 tickets booked for the movie AVENGER-ATWE08032023
Mar 06, 2023 2:24:28 PM Implementation.ImplementationOperations removeMovieSlots
INFO: Movie slot for AVENGER has been removed
Mar 06, 2023 2:24:46 PM Implementation.ImplementationOperations listMovieShowsAvailability
INFO: List of movie shows has been shown.
Mar 06, 2023 2:26:25 PM Implementation.ImplementationOperations addMovieSlots
INFO: Movie slot updated.
Mar 06, 2023 2:26:37 PM Implementation.ImplementationOperations listMovieShowsAvailability
INFO: List of movie shows has been shown.
Mar 06, 2023 2:29:48 PM Implementation.ImplementationOperations listMovieShowsAvailability
INFO: List of movie shows has been shown.
Mar 06, 2023 2:30:01 PM Implementation.ImplementationOperations listMovieShowsAvailability
INFO: List of movie shows has been shown.
Mar 06, 2023 2:49:47 PM Implementation.ImplementationOperations listMovieShowsAvailability
INFO: List of movie shows has been shown.
Mar 06, 2023 2:53:23 PM Implementation.ImplementationOperations listMovieShowsAvailability
INFO: List of movie shows has been shown.
Mar 06, 2023 2:53:29 PM Implementation.ImplementationOperations listMovieShowsAvailability
INFO: List of movie shows has been shown.
Mar 06, 2023 2:53:58 PM Implementation.ImplementationOperations listMovieShowsAvailability
INFO: List of movie shows has been shown.
Mar 06, 2023 2:55:50 PM Implementation.ImplementationOperations listMovieShowsAvailability
INFO: List of movie shows has been shown.
Mar 06, 2023 2:55:50 PM Implementation.ImplementationOperations ExchangeMovieShow
INFO: 15 tickets booked for the movie AVENGER-ATWE09032023
Mar 06, 2023 2:55:50 PM Implementation.ImplementationOperations removeMovieSlots
INFO: Movie slot for AVENGER has been removed
Mar 06, 2023 2:55:57 PM Implementation.ImplementationOperations listMovieShowsAvailability
INFO: List of movie shows has been shown.
Mar 06, 2023 2:56:07 PM Implementation.ImplementationOperations listMovieShowsAvailability
INFO: List of movie shows has been shown.
Mar 06, 2023 2:56:07 PM Implementation.ImplementationOperations removeMovieSlots
INFO: Movie slot for AVENGER has been removed
Mar 06, 2023 2:56:27 PM Implementation.ImplementationOperations listMovieShowsAvailability
INFO: List of movie shows has been shown.
Mar 06, 2023 2:57:03 PM Implementation.ImplementationOperations removeMovieSlots
INFO: No movie slot found for the movie AVENGER at OUT region
Mar 06, 2023 3:04:31 PM Implementation.ImplementationOperations listMovieShowsAvailability
INFO: List of movie shows has been shown.
Mar 06, 2023 3:04:49 PM Implementation.ImplementationOperations listMovieShowsAvailability
INFO: List of movie shows has been shown.
Mar 06, 2023 3:04:49 PM Implementation.ImplementationOperations ExchangeMovieShow
INFO: 15 tickets booked for the movie AVENGER-ATWE09032023
Mar 06, 2023 3:04:49 PM Implementation.ImplementationOperations removeMovieSlots
INFO: Movie slot for AVENGER has been removed
Mar 06, 2023 3:04:53 PM Implementation.ImplementationOperations listMovieShowsAvailability
INFO: List of movie shows has been shown.
Mar 06, 2023 3:05:12 PM Implementation.ImplementationOperations listMovieShowsAvailability
INFO: List of movie shows has been shown.
Mar 06, 2023 3:05:12 PM Implementation.ImplementationOperations removeMovieSlots
INFO: Movie slot for AVENGER has been removed
Mar 06, 2023 3:05:16 PM Implementation.ImplementationOperations listMovieShowsAvailability
INFO: List of movie shows has been shown.
Mar 06, 2023 3:10:57 PM Implementation.ImplementationOperations listMovieShowsAvailability
INFO: List of movie shows has been shown.
Mar 06, 2023 3:11:16 PM Implementation.ImplementationOperations listMovieShowsAvailability
INFO: List of movie shows has been shown.
Mar 06, 2023 3:11:39 PM Implementation.ImplementationOperations listMovieShowsAvailability
INFO: List of movie shows has been shown.
Mar 06, 2023 3:11:39 PM Implementation.ImplementationOperations ExchangeMovieShow
INFO: 15 tickets booked for the movie AVENGER-ATWE09032023
Mar 06, 2023 3:11:39 PM Implementation.ImplementationOperations removeMovieSlots
INFO: Movie slot for AVENGER has been removed
Mar 06, 2023 3:11:45 PM Implementation.ImplementationOperations listMovieShowsAvailability
INFO: List of movie shows has been shown.
Mar 06, 2023 3:11:52 PM Implementation.ImplementationOperations listMovieShowsAvailability
INFO: List of movie shows has been shown.
Mar 06, 2023 3:11:52 PM Implementation.ImplementationOperations removeMovieSlots
INFO: Movie slot for AVENGER has been removed
Mar 06, 2023 3:11:56 PM Implementation.ImplementationOperations listMovieShowsAvailability
INFO: List of movie shows has been shown.
Mar 06, 2023 3:12:23 PM Server.Servers serve_listener
INFO: Message from the server ATW in list_movie at the port 8001
Mar 06, 2023 3:12:57 PM Server.Servers serve_listener
INFO: Message from the server ATW in list_movie at the port 8001
Mar 06, 2023 3:13:06 PM Server.Servers serve_listener
INFO: Message from the server ATW in list_movie at the port 8001
Mar 06, 2023 3:13:32 PM Server.Servers serve_listener
INFO: Message from the server ATW in list_movie at the port 8001
Mar 06, 2023 3:13:38 PM Server.Servers serve_listener
INFO: Message from the server ATW in list_movie at the port 8001
Mar 06, 2023 3:13:46 PM Server.Servers serve_listener
INFO: Message from the server ATW in booking_schedule at the port 8001
Mar 06, 2023 3:14:37 PM Server.Servers serve_listener
INFO: Message from the server ATW in list_movie at the port 8001
Mar 06, 2023 3:14:52 PM Server.Servers serve_listener
INFO: Message from the server ATW in booking_schedule at the port 8001
Mar 06, 2023 3:15:00 PM Server.Servers serve_listener
INFO: Message from the server ATW in list_movie at the port 8001
Mar 06, 2023 3:15:08 PM Server.Servers serve_listener
INFO: Message from the server ATW in list_movie at the port 8001
Mar 06, 2023 3:15:12 PM Server.Servers serve_listener
INFO: Message from the server ATW in booking_schedule at the port 8001
Mar 06, 2023 3:15:24 PM Server.Servers serve_listener
INFO: Message from the server ATW in list_movie at the port 8001
Mar 06, 2023 3:15:27 PM Server.Servers serve_listener
INFO: Message from the server ATW in booking_schedule at the port 8001
Mar 06, 2023 3:15:27 PM Server.Servers serve_listener
INFO: Message from the server ATW in booking_schedule at the port 8001
Mar 06, 2023 3:17:35 PM Server.Servers serve_listener
INFO: Message from the server ATW in booking_schedule at the port 8001
Mar 06, 2023 3:17:40 PM Server.Servers serve_listener
INFO: Message from the server ATW in booking_schedule at the port 8001
Mar 06, 2023 3:17:49 PM Server.Servers serve_listener
INFO: Message from the server ATW in list_movie at the port 8001
Mar 06, 2023 3:17:58 PM Server.Servers serve_listener
INFO: Message from the server ATW in booking_schedule at the port 8001
Mar 06, 2023 3:17:58 PM Server.Servers serve_listener
INFO: Message from the server ATW in cancelMovieTickets at the port 8001
Mar 06, 2023 3:17:58 PM Implementation.ImplementationOperations ExchangeMovieShow
INFO: 3 tickets booked for the movie TITANIC-ATWA08032023
Mar 06, 2023 3:17:58 PM Server.Servers serve_listener
INFO: Message from the server ATW in bookMovieTickets at the port 8001
Mar 06, 2023 3:18:07 PM Server.Servers serve_listener
INFO: Message from the server ATW in booking_schedule at the port 8001
Mar 06, 2023 3:18:16 PM Server.Servers serve_listener
INFO: Message from the server ATW in list_movie at the port 8001
Mar 06, 2023 3:19:50 PM Server.Servers serve_listener
INFO: Message from the server ATW in list_movie at the port 8001
Mar 06, 2023 3:20:01 PM Server.Servers serve_listener
INFO: Message from the server ATW in list_movie at the port 8001
Mar 06, 2023 3:20:03 PM Server.Servers serve_listener
INFO: Message from the server ATW in booking_schedule at the port 8001
Mar 06, 2023 3:21:50 PM Server.Servers serve_listener
INFO: Message from the server ATW in list_movie at the port 8001
Mar 06, 2023 3:21:54 PM Server.Servers serve_listener
INFO: Message from the server ATW in booking_schedule at the port 8001
Mar 06, 2023 3:23:25 PM Server.Servers serve_listener
INFO: Message from the server ATW in booking_schedule at the port 8001
Mar 06, 2023 3:23:31 PM Server.Servers serve_listener
INFO: Message from the server ATW in booking_schedule at the port 8001
Mar 06, 2023 3:23:46 PM Server.Servers serve_listener
INFO: Message from the server ATW in booking_schedule at the port 8001
Mar 06, 2023 3:23:55 PM Server.Servers serve_listener
INFO: Message from the server ATW in list_movie at the port 8001
Mar 06, 2023 3:24:02 PM Server.Servers serve_listener
INFO: Message from the server ATW in booking_schedule at the port 8001
Mar 06, 2023 3:24:02 PM Server.Servers serve_listener
INFO: Message from the server ATW in cancelMovieTickets at the port 8001
Mar 06, 2023 3:24:02 PM Implementation.ImplementationOperations ExchangeMovieShow
INFO: 40 tickets booked for the movie TITANIC-ATWA08032023
Mar 06, 2023 3:24:02 PM Server.Servers serve_listener
INFO: Message from the server ATW in bookMovieTickets at the port 8001
Mar 06, 2023 3:24:08 PM Server.Servers serve_listener
INFO: Message from the server ATW in list_movie at the port 8001
Mar 06, 2023 3:24:17 PM Server.Servers serve_listener
INFO: Message from the server ATW in list_movie at the port 8001
Mar 06, 2023 3:24:25 PM Server.Servers serve_listener
INFO: Message from the server ATW in booking_schedule at the port 8001
Mar 06, 2023 3:24:36 PM Server.Servers serve_listener
INFO: Message from the server ATW in list_movie at the port 8001
Mar 06, 2023 3:24:47 PM Server.Servers serve_listener
INFO: Message from the server ATW in booking_schedule at the port 8001
Mar 06, 2023 3:25:30 PM Server.Servers serve_listener
INFO: Message from the server ATW in list_movie at the port 8001
Mar 06, 2023 3:29:52 PM Implementation.ImplementationOperations listMovieShowsAvailability
INFO: List of movie shows has been shown.
Mar 06, 2023 3:29:59 PM Server.Servers serve_listener
INFO: Message from the server ATW in booking_schedule at the port 8001
Mar 06, 2023 3:30:47 PM Implementation.ImplementationOperations listMovieShowsAvailability
INFO: List of movie shows has been shown.
Mar 06, 2023 3:30:55 PM Implementation.ImplementationOperations listMovieShowsAvailability
INFO: List of movie shows has been shown.
Mar 06, 2023 3:31:01 PM Implementation.ImplementationOperations bookMovieTickets
INFO: 30 tickets booked for the movie AVENGER-ATWM07032023
Mar 06, 2023 3:31:09 PM Implementation.ImplementationOperations listMovieShowsAvailability
INFO: List of movie shows has been shown.
Mar 06, 2023 3:31:51 PM Implementation.ImplementationOperations listMovieShowsAvailability
INFO: List of movie shows has been shown.
Mar 06, 2023 3:31:51 PM Implementation.ImplementationOperations ExchangeMovieShow
INFO: 15 tickets booked for the movie AVENGER-ATWE09032023
Mar 06, 2023 3:31:51 PM Implementation.ImplementationOperations ExchangeMovieShow
INFO: 30 tickets booked for the movie AVENGER-ATWE09032023
Mar 06, 2023 3:31:51 PM Implementation.ImplementationOperations removeMovieSlots
INFO: Movie slot for AVENGER has been removed
Mar 06, 2023 3:31:56 PM Implementation.ImplementationOperations listMovieShowsAvailability
INFO: List of movie shows has been shown.
Mar 06, 2023 3:32:45 PM Implementation.ImplementationOperations removeMovieSlots
INFO: No movie slot found for the movie AVENGER at ATW region
Mar 06, 2023 3:33:08 PM Implementation.ImplementationOperations listMovieShowsAvailability
INFO: List of movie shows has been shown.
Mar 06, 2023 3:33:08 PM Implementation.ImplementationOperations removeMovieSlots
INFO: Movie slot for AVENGER has been removed
Mar 06, 2023 3:33:13 PM Implementation.ImplementationOperations listMovieShowsAvailability
INFO: List of movie shows has been shown.
